16-Oct-2015 09:36:34.687 INFO [http-nio-8080-exec-66] org.apache.catalina.core.ApplicationContext.log Destroying Spring FrameworkServlet 'spring-dispatcher'
16-Oct-2015 09:36:34.689 INFO [http-nio-8080-exec-66] org.apache.catalina.core.ApplicationContext.log Closing Spring root WebApplicationContext
16-Oct-2015 09:36:35.781 INFO [http-nio-8080-exec-72] org.apache.catalina.core.ApplicationContext.log No Spring WebApplicationInitializer types detected on classpath
16-Oct-2015 09:36:35.800 INFO [http-nio-8080-exec-72] org.apache.catalina.core.ApplicationContext.log Initializing Spring root WebApplicationContext
16-Oct-2015 09:36:39.338 INFO [http-nio-8080-exec-73] org.apache.catalina.core.ApplicationContext.log Initializing Spring FrameworkServlet 'spring-dispatcher'
16-Oct-2015 09:58:34.653 INFO [http-nio-8080-exec-81] org.apache.catalina.core.ApplicationContext.log Destroying Spring FrameworkServlet 'spring-dispatcher'
16-Oct-2015 09:58:34.675 INFO [http-nio-8080-exec-81] org.apache.catalina.core.ApplicationContext.log Closing Spring root WebApplicationContext
16-Oct-2015 09:58:35.439 INFO [http-nio-8080-exec-81] org.apache.catalina.core.ApplicationContext.log No Spring WebApplicationInitializer types detected on classpath
16-Oct-2015 09:58:35.462 INFO [http-nio-8080-exec-81] org.apache.catalina.core.ApplicationContext.log Initializing Spring root WebApplicationContext
16-Oct-2015 09:58:36.152 INFO [http-nio-8080-exec-75] org.apache.catalina.core.ApplicationContext.log Initializing Spring FrameworkServlet 'spring-dispatcher'
16-Oct-2015 09:58:36.380 INFO [http-nio-8080-exec-77] org.apache.catalina.core.ApplicationContext.log Destroying Spring FrameworkServlet 'spring-dispatcher'
16-Oct-2015 09:58:36.386 INFO [http-nio-8080-exec-77] org.apache.catalina.core.ApplicationContext.log Closing Spring root WebApplicationContext
16-Oct-2015 09:58:37.126 INFO [http-nio-8080-exec-77] org.apache.catalina.core.ApplicationContext.log No Spring WebApplicationInitializer types detected on classpath
16-Oct-2015 09:58:37.150 INFO [http-nio-8080-exec-77] org.apache.catalina.core.ApplicationContext.log Initializing Spring root WebApplicationContext
16-Oct-2015 09:58:38.055 INFO [http-nio-8080-exec-80] org.apache.catalina.core.ApplicationContext.log Initializing Spring FrameworkServlet 'spring-dispatcher'
16-Oct-2015 10:00:58.800 INFO [http-nio-8080-exec-88] org.apache.catalina.core.ApplicationContext.log Destroying Spring FrameworkServlet 'spring-dispatcher'
16-Oct-2015 10:00:58.803 INFO [http-nio-8080-exec-88] org.apache.catalina.core.ApplicationContext.log Closing Spring root WebApplicationContext
16-Oct-2015 10:00:59.802 INFO [http-nio-8080-exec-88] org.apache.catalina.core.ApplicationContext.log No Spring WebApplicationInitializer types detected on classpath
16-Oct-2015 10:00:59.837 INFO [http-nio-8080-exec-88] org.apache.catalina.core.ApplicationContext.log Initializing Spring root WebApplicationContext
16-Oct-2015 10:01:00.645 INFO [http-nio-8080-exec-84] org.apache.catalina.core.ApplicationContext.log Initializing Spring FrameworkServlet 'spring-dispatcher'
16-Oct-2015 10:01:00.796 INFO [http-nio-8080-exec-82] org.apache.catalina.core.ApplicationContext.log Destroying Spring FrameworkServlet 'spring-dispatcher'
16-Oct-2015 10:01:00.799 INFO [http-nio-8080-exec-82] org.apache.catalina.core.ApplicationContext.log Closing Spring root WebApplicationContext
16-Oct-2015 10:01:01.286 INFO [http-nio-8080-exec-82] org.apache.catalina.core.ApplicationContext.log No Spring WebApplicationInitializer types detected on classpath
16-Oct-2015 10:01:01.304 INFO [http-nio-8080-exec-82] org.apache.catalina.core.ApplicationContext.log Initializing Spring root WebApplicationContext
16-Oct-2015 10:01:01.912 INFO [http-nio-8080-exec-91] org.apache.catalina.core.ApplicationContext.log Initializing Spring FrameworkServlet 'spring-dispatcher'
16-Oct-2015 10:08:29.350 INFO [http-nio-8080-exec-99] org.apache.catalina.core.ApplicationContext.log Destroying Spring FrameworkServlet 'spring-dispatcher'
16-Oct-2015 10:08:29.354 INFO [http-nio-8080-exec-99] org.apache.catalina.core.ApplicationContext.log Closing Spring root WebApplicationContext
16-Oct-2015 10:08:29.806 INFO [http-nio-8080-exec-99] org.apache.catalina.core.ApplicationContext.log No Spring WebApplicationInitializer types detected on classpath
16-Oct-2015 10:08:29.822 INFO [http-nio-8080-exec-99] org.apache.catalina.core.ApplicationContext.log Initializing Spring root WebApplicationContext
16-Oct-2015 10:08:30.470 INFO [http-nio-8080-exec-94] org.apache.catalina.core.ApplicationContext.log Initializing Spring FrameworkServlet 'spring-dispatcher'
16-Oct-2015 10:08:30.637 INFO [http-nio-8080-exec-92] org.apache.catalina.core.ApplicationContext.log Destroying Spring FrameworkServlet 'spring-dispatcher'
16-Oct-2015 10:08:30.639 INFO [http-nio-8080-exec-92] org.apache.catalina.core.ApplicationContext.log Closing Spring root WebApplicationContext
16-Oct-2015 10:08:31.386 INFO [http-nio-8080-exec-92] org.apache.catalina.core.ApplicationContext.log No Spring WebApplicationInitializer types detected on classpath
16-Oct-2015 10:08:31.405 INFO [http-nio-8080-exec-92] org.apache.catalina.core.ApplicationContext.log Initializing Spring root WebApplicationContext
16-Oct-2015 10:08:32.202 INFO [http-nio-8080-exec-95] org.apache.catalina.core.ApplicationContext.log Initializing Spring FrameworkServlet 'spring-dispatcher'
16-Oct-2015 10:11:31.287 INFO [http-nio-8080-exec-98] org.apache.catalina.core.ApplicationContext.log Destroying Spring FrameworkServlet 'spring-dispatcher'
16-Oct-2015 10:11:31.289 INFO [http-nio-8080-exec-98] org.apache.catalina.core.ApplicationContext.log Closing Spring root WebApplicationContext
16-Oct-2015 10:11:32.033 INFO [http-nio-8080-exec-98] org.apache.catalina.core.ApplicationContext.log No Spring WebApplicationInitializer types detected on classpath
16-Oct-2015 10:11:32.058 INFO [http-nio-8080-exec-98] org.apache.catalina.core.ApplicationContext.log Initializing Spring root WebApplicationContext
16-Oct-2015 10:11:32.929 INFO [http-nio-8080-exec-107] org.apache.catalina.core.ApplicationContext.log Initializing Spring FrameworkServlet 'spring-dispatcher'
16-Oct-2015 10:11:33.165 INFO [http-nio-8080-exec-104] org.apache.catalina.core.ApplicationContext.log Destroying Spring FrameworkServlet 'spring-dispatcher'
16-Oct-2015 10:11:33.167 INFO [http-nio-8080-exec-104] org.apache.catalina.core.ApplicationContext.log Closing Spring root WebApplicationContext
16-Oct-2015 10:11:33.670 INFO [http-nio-8080-exec-104] org.apache.catalina.core.ApplicationContext.log No Spring WebApplicationInitializer types detected on classpath
16-Oct-2015 10:11:33.694 INFO [http-nio-8080-exec-104] org.apache.catalina.core.ApplicationContext.log Initializing Spring root WebApplicationContext
16-Oct-2015 10:11:34.424 INFO [http-nio-8080-exec-93] org.apache.catalina.core.ApplicationContext.log Initializing Spring FrameworkServlet 'spring-dispatcher'
16-Oct-2015 10:12:18.351 INFO [http-nio-8080-exec-109] org.apache.catalina.core.ApplicationContext.log Destroying Spring FrameworkServlet 'spring-dispatcher'
16-Oct-2015 10:12:18.354 INFO [http-nio-8080-exec-109] org.apache.catalina.core.ApplicationContext.log Closing Spring root WebApplicationContext
16-Oct-2015 10:12:18.877 INFO [http-nio-8080-exec-109] org.apache.catalina.core.ApplicationContext.log No Spring WebApplicationInitializer types detected on classpath
16-Oct-2015 10:12:18.900 INFO [http-nio-8080-exec-109] org.apache.catalina.core.ApplicationContext.log Initializing Spring root WebApplicationContext
16-Oct-2015 10:12:19.623 INFO [http-nio-8080-exec-107] org.apache.catalina.core.ApplicationContext.log Initializing Spring FrameworkServlet 'spring-dispatcher'
16-Oct-2015 10:12:19.837 INFO [http-nio-8080-exec-112] org.apache.catalina.core.ApplicationContext.log Destroying Spring FrameworkServlet 'spring-dispatcher'
16-Oct-2015 10:12:19.840 INFO [http-nio-8080-exec-112] org.apache.catalina.core.ApplicationContext.log Closing Spring root WebApplicationContext
16-Oct-2015 10:12:20.275 INFO [http-nio-8080-exec-112] org.apache.catalina.core.ApplicationContext.log No Spring WebApplicationInitializer types detected on classpath
16-Oct-2015 10:12:20.290 INFO [http-nio-8080-exec-112] org.apache.catalina.core.ApplicationContext.log Initializing Spring root WebApplicationContext
16-Oct-2015 10:12:21.066 INFO [http-nio-8080-exec-107] org.apache.catalina.core.ApplicationContext.log Initializing Spring FrameworkServlet 'spring-dispatcher'
16-Oct-2015 10:17:06.479 INFO [http-nio-8080-exec-105] org.apache.catalina.core.ApplicationContext.log Destroying Spring FrameworkServlet 'spring-dispatcher'
16-Oct-2015 10:17:06.482 INFO [http-nio-8080-exec-105] org.apache.catalina.core.ApplicationContext.log Closing Spring root WebApplicationContext
16-Oct-2015 10:17:07.293 INFO [http-nio-8080-exec-105] org.apache.catalina.core.ApplicationContext.log No Spring WebApplicationInitializer types detected on classpath
16-Oct-2015 10:17:07.308 INFO [http-nio-8080-exec-105] org.apache.catalina.core.ApplicationContext.log Initializing Spring root WebApplicationContext
16-Oct-2015 10:17:08.122 INFO [http-nio-8080-exec-116] org.apache.catalina.core.ApplicationContext.log Initializing Spring FrameworkServlet 'spring-dispatcher'
16-Oct-2015 10:17:08.334 INFO [http-nio-8080-exec-121] org.apache.catalina.core.ApplicationContext.log Destroying Spring FrameworkServlet 'spring-dispatcher'
16-Oct-2015 10:17:08.336 INFO [http-nio-8080-exec-121] org.apache.catalina.core.ApplicationContext.log Closing Spring root WebApplicationContext
16-Oct-2015 10:17:08.836 INFO [http-nio-8080-exec-121] org.apache.catalina.core.ApplicationContext.log No Spring WebApplicationInitializer types detected on classpath
16-Oct-2015 10:17:08.859 INFO [http-nio-8080-exec-121] org.apache.catalina.core.ApplicationContext.log Initializing Spring root WebApplicationContext
16-Oct-2015 10:17:09.583 INFO [http-nio-8080-exec-116] org.apache.catalina.core.ApplicationContext.log Initializing Spring FrameworkServlet 'spring-dispatcher'
16-Oct-2015 10:48:07.918 INFO [http-nio-8080-exec-127] org.apache.catalina.core.ApplicationContext.log Destroying Spring FrameworkServlet 'spring-dispatcher'
16-Oct-2015 10:48:07.920 INFO [http-nio-8080-exec-127] org.apache.catalina.core.ApplicationContext.log Closing Spring root WebApplicationContext
16-Oct-2015 10:48:08.972 INFO [http-nio-8080-exec-131] org.apache.catalina.core.ApplicationContext.log No Spring WebApplicationInitializer types detected on classpath
16-Oct-2015 10:48:08.992 INFO [http-nio-8080-exec-131] org.apache.catalina.core.ApplicationContext.log Initializing Spring root WebApplicationContext
16-Oct-2015 10:48:10.685 SEVERE [http-nio-8080-exec-128] org.apache.catalina.core.StandardWrapperValve.invoke Servlet.service() for servlet [jsp] in context with path [] threw exception [An exception occurred processing JSP page /jsp/home.jsp at line 15

12: <html>
13:     <head>
14:         <!-- Boostrap core CSS -->
15:         <link href="${pageContext.request.contextPAth}/css/bootstrap.min.css" rel="stylesheet">
16:         <!-- SWC Icon -->
17:         <link rel="shortcut icon" href="${pageContext.request.contextPath}/img/icon.png">      
18:         <title>Company Contacts</title>


Stacktrace:] with root cause
 javax.el.PropertyNotFoundException: Property 'contextPAth' not found on type org.apache.catalina.connector.RequestFacade
	at javax.el.BeanELResolver$BeanProperties.get(BeanELResolver.java:268)
	at javax.el.BeanELResolver$BeanProperties.access$300(BeanELResolver.java:221)
	at javax.el.BeanELResolver.property(BeanELResolver.java:355)
	at javax.el.BeanELResolver.getValue(BeanELResolver.java:95)
	at org.apache.jasper.el.JasperELResolver.getValue(JasperELResolver.java:110)
	at org.apache.el.parser.AstValue.getValue(AstValue.java:169)
	at org.apache.el.ValueExpressionImpl.getValue(ValueExpressionImpl.java:184)
	at org.apache.jasper.runtime.PageContextImpl.proprietaryEvaluate(PageContextImpl.java:943)
	at org.apache.jsp.jsp.home_jsp._jspService(home_jsp.java:129)
	at org.apache.jasper.runtime.HttpJspBase.service(HttpJspBase.java:70)
	at javax.servlet.http.HttpServlet.service(HttpServlet.java:729)
	at org.apache.jasper.servlet.JspServletWrapper.service(JspServletWrapper.java:438)
	at org.apache.jasper.servlet.JspServlet.serviceJspFile(JspServlet.java:396)
	at org.apache.jasper.servlet.JspServlet.service(JspServlet.java:340)
	at javax.servlet.http.HttpServlet.service(HttpServlet.java:729)
	at org.apache.catalina.core.ApplicationFilterChain.internalDoFilter(ApplicationFilterChain.java:291)
	at org.apache.catalina.core.ApplicationFilterChain.doFilter(ApplicationFilterChain.java:206)
	at org.apache.tomcat.websocket.server.WsFilter.doFilter(WsFilter.java:52)
	at org.apache.catalina.core.ApplicationFilterChain.internalDoFilter(ApplicationFilterChain.java:239)
	at org.apache.catalina.core.ApplicationFilterChain.doFilter(ApplicationFilterChain.java:206)
	at org.apache.catalina.core.StandardWrapperValve.invoke(StandardWrapperValve.java:217)
	at org.apache.catalina.core.StandardContextValve.invoke(StandardContextValve.java:106)
	at org.apache.catalina.authenticator.AuthenticatorBase.invoke(AuthenticatorBase.java:502)
	at org.apache.catalina.core.StandardHostValve.invoke(StandardHostValve.java:142)
	at org.apache.catalina.valves.ErrorReportValve.invoke(ErrorReportValve.java:79)
	at org.apache.catalina.valves.AbstractAccessLogValve.invoke(AbstractAccessLogValve.java:616)
	at org.apache.catalina.core.StandardEngineValve.invoke(StandardEngineValve.java:88)
	at org.apache.catalina.connector.CoyoteAdapter.service(CoyoteAdapter.java:518)
	at org.apache.coyote.http11.AbstractHttp11Processor.process(AbstractHttp11Processor.java:1091)
	at org.apache.coyote.AbstractProtocol$AbstractConnectionHandler.process(AbstractProtocol.java:673)
	at org.apache.tomcat.util.net.NioEndpoint$SocketProcessor.doRun(NioEndpoint.java:1500)
	at org.apache.tomcat.util.net.NioEndpoint$SocketProcessor.run(NioEndpoint.java:1456)
	at java.util.concurrent.ThreadPoolExecutor.runWorker(ThreadPoolExecutor.java:1142)
	at java.util.concurrent.ThreadPoolExecutor$Worker.run(ThreadPoolExecutor.java:617)
	at org.apache.tomcat.util.threads.TaskThread$WrappingRunnable.run(TaskThread.java:61)
	at java.lang.Thread.run(Thread.java:745)

16-Oct-2015 10:48:11.019 SEVERE [http-nio-8080-exec-129] org.apache.catalina.core.StandardWrapperValve.invoke Servlet.service() for servlet [jsp] in context with path [] threw exception [An exception occurred processing JSP page /jsp/home.jsp at line 15

12: <html>
13:     <head>
14:         <!-- Boostrap core CSS -->
15:         <link href="${pageContext.request.contextPAth}/css/bootstrap.min.css" rel="stylesheet">
16:         <!-- SWC Icon -->
17:         <link rel="shortcut icon" href="${pageContext.request.contextPath}/img/icon.png">      
18:         <title>Company Contacts</title>


Stacktrace:] with root cause
 javax.el.PropertyNotFoundException: Property 'contextPAth' not found on type org.apache.catalina.connector.RequestFacade
	at javax.el.BeanELResolver$BeanProperties.get(BeanELResolver.java:268)
	at javax.el.BeanELResolver$BeanProperties.access$300(BeanELResolver.java:221)
	at javax.el.BeanELResolver.property(BeanELResolver.java:355)
	at javax.el.BeanELResolver.getValue(BeanELResolver.java:95)
	at org.apache.jasper.el.JasperELResolver.getValue(JasperELResolver.java:110)
	at org.apache.el.parser.AstValue.getValue(AstValue.java:169)
	at org.apache.el.ValueExpressionImpl.getValue(ValueExpressionImpl.java:184)
	at org.apache.jasper.runtime.PageContextImpl.proprietaryEvaluate(PageContextImpl.java:943)
	at org.apache.jsp.jsp.home_jsp._jspService(home_jsp.java:129)
	at org.apache.jasper.runtime.HttpJspBase.service(HttpJspBase.java:70)
	at javax.servlet.http.HttpServlet.service(HttpServlet.java:729)
	at org.apache.jasper.servlet.JspServletWrapper.service(JspServletWrapper.java:438)
	at org.apache.jasper.servlet.JspServlet.serviceJspFile(JspServlet.java:396)
	at org.apache.jasper.servlet.JspServlet.service(JspServlet.java:340)
	at javax.servlet.http.HttpServlet.service(HttpServlet.java:729)
	at org.apache.catalina.core.ApplicationFilterChain.internalDoFilter(ApplicationFilterChain.java:291)
	at org.apache.catalina.core.ApplicationFilterChain.doFilter(ApplicationFilterChain.java:206)
	at org.apache.tomcat.websocket.server.WsFilter.doFilter(WsFilter.java:52)
	at org.apache.catalina.core.ApplicationFilterChain.internalDoFilter(ApplicationFilterChain.java:239)
	at org.apache.catalina.core.ApplicationFilterChain.doFilter(ApplicationFilterChain.java:206)
	at org.apache.catalina.core.StandardWrapperValve.invoke(StandardWrapperValve.java:217)
	at org.apache.catalina.core.StandardContextValve.invoke(StandardContextValve.java:106)
	at org.apache.catalina.authenticator.AuthenticatorBase.invoke(AuthenticatorBase.java:502)
	at org.apache.catalina.core.StandardHostValve.invoke(StandardHostValve.java:142)
	at org.apache.catalina.valves.ErrorReportValve.invoke(ErrorReportValve.java:79)
	at org.apache.catalina.valves.AbstractAccessLogValve.invoke(AbstractAccessLogValve.java:616)
	at org.apache.catalina.core.StandardEngineValve.invoke(StandardEngineValve.java:88)
	at org.apache.catalina.connector.CoyoteAdapter.service(CoyoteAdapter.java:518)
	at org.apache.coyote.http11.AbstractHttp11Processor.process(AbstractHttp11Processor.java:1091)
	at org.apache.coyote.AbstractProtocol$AbstractConnectionHandler.process(AbstractProtocol.java:673)
	at org.apache.tomcat.util.net.NioEndpoint$SocketProcessor.doRun(NioEndpoint.java:1500)
	at org.apache.tomcat.util.net.NioEndpoint$SocketProcessor.run(NioEndpoint.java:1456)
	at java.util.concurrent.ThreadPoolExecutor.runWorker(ThreadPoolExecutor.java:1142)
	at java.util.concurrent.ThreadPoolExecutor$Worker.run(ThreadPoolExecutor.java:617)
	at org.apache.tomcat.util.threads.TaskThread$WrappingRunnable.run(TaskThread.java:61)
	at java.lang.Thread.run(Thread.java:745)

16-Oct-2015 10:48:38.948 INFO [http-nio-8080-exec-125] org.apache.catalina.core.ApplicationContext.log Initializing Spring FrameworkServlet 'spring-dispatcher'
16-Oct-2015 10:48:46.004 INFO [http-nio-8080-exec-134] org.apache.catalina.core.ApplicationContext.log Destroying Spring FrameworkServlet 'spring-dispatcher'
16-Oct-2015 10:48:46.007 INFO [http-nio-8080-exec-134] org.apache.catalina.core.ApplicationContext.log Closing Spring root WebApplicationContext
16-Oct-2015 10:48:47.110 INFO [http-nio-8080-exec-132] org.apache.catalina.core.ApplicationContext.log No Spring WebApplicationInitializer types detected on classpath
16-Oct-2015 10:48:47.126 INFO [http-nio-8080-exec-132] org.apache.catalina.core.ApplicationContext.log Initializing Spring root WebApplicationContext
16-Oct-2015 10:49:00.598 INFO [http-nio-8080-exec-134] org.apache.catalina.core.ApplicationContext.log Initializing Spring FrameworkServlet 'spring-dispatcher'
16-Oct-2015 10:57:40.517 INFO [http-nio-8080-exec-144] org.apache.catalina.core.ApplicationContext.log Destroying Spring FrameworkServlet 'spring-dispatcher'
16-Oct-2015 10:57:40.520 INFO [http-nio-8080-exec-144] org.apache.catalina.core.ApplicationContext.log Closing Spring root WebApplicationContext
16-Oct-2015 10:57:41.536 INFO [http-nio-8080-exec-145] org.apache.catalina.core.ApplicationContext.log No Spring WebApplicationInitializer types detected on classpath
16-Oct-2015 10:57:41.557 INFO [http-nio-8080-exec-145] org.apache.catalina.core.ApplicationContext.log Initializing Spring root WebApplicationContext
16-Oct-2015 10:57:44.739 INFO [http-nio-8080-exec-148] org.apache.catalina.core.ApplicationContext.log Initializing Spring FrameworkServlet 'spring-dispatcher'
16-Oct-2015 11:17:43.120 INFO [http-nio-8080-exec-156] org.apache.catalina.core.ApplicationContext.log Destroying Spring FrameworkServlet 'spring-dispatcher'
16-Oct-2015 11:17:43.123 INFO [http-nio-8080-exec-156] org.apache.catalina.core.ApplicationContext.log Closing Spring root WebApplicationContext
16-Oct-2015 11:17:44.107 INFO [http-nio-8080-exec-152] org.apache.catalina.core.ApplicationContext.log No Spring WebApplicationInitializer types detected on classpath
16-Oct-2015 11:17:44.131 INFO [http-nio-8080-exec-152] org.apache.catalina.core.ApplicationContext.log Initializing Spring root WebApplicationContext
16-Oct-2015 11:18:36.991 INFO [http-nio-8080-exec-161] org.apache.catalina.core.ApplicationContext.log Initializing Spring FrameworkServlet 'spring-dispatcher'
16-Oct-2015 11:19:59.485 INFO [http-nio-8080-exec-158] org.apache.catalina.core.ApplicationContext.log Destroying Spring FrameworkServlet 'spring-dispatcher'
16-Oct-2015 11:19:59.488 INFO [http-nio-8080-exec-158] org.apache.catalina.core.ApplicationContext.log Closing Spring root WebApplicationContext
16-Oct-2015 11:20:00.500 INFO [http-nio-8080-exec-163] org.apache.catalina.core.ApplicationContext.log No Spring WebApplicationInitializer types detected on classpath
16-Oct-2015 11:20:00.515 INFO [http-nio-8080-exec-163] org.apache.catalina.core.ApplicationContext.log Initializing Spring root WebApplicationContext
16-Oct-2015 11:21:08.110 INFO [http-nio-8080-exec-168] org.apache.catalina.core.ApplicationContext.log Initializing Spring FrameworkServlet 'spring-dispatcher'
16-Oct-2015 11:21:15.511 INFO [http-nio-8080-exec-169] org.apache.catalina.core.ApplicationContext.log Destroying Spring FrameworkServlet 'spring-dispatcher'
16-Oct-2015 11:21:15.513 INFO [http-nio-8080-exec-169] org.apache.catalina.core.ApplicationContext.log Closing Spring root WebApplicationContext
16-Oct-2015 11:21:16.460 INFO [http-nio-8080-exec-166] org.apache.catalina.core.ApplicationContext.log No Spring WebApplicationInitializer types detected on classpath
16-Oct-2015 11:21:16.474 INFO [http-nio-8080-exec-166] org.apache.catalina.core.ApplicationContext.log Initializing Spring root WebApplicationContext
16-Oct-2015 11:23:28.707 INFO [http-nio-8080-exec-174] org.apache.catalina.core.ApplicationContext.log Initializing Spring FrameworkServlet 'spring-dispatcher'
16-Oct-2015 11:23:35.439 INFO [http-nio-8080-exec-173] org.apache.catalina.core.ApplicationContext.log Destroying Spring FrameworkServlet 'spring-dispatcher'
16-Oct-2015 11:23:35.445 INFO [http-nio-8080-exec-173] org.apache.catalina.core.ApplicationContext.log Closing Spring root WebApplicationContext
16-Oct-2015 11:23:36.400 INFO [http-nio-8080-exec-175] org.apache.catalina.core.ApplicationContext.log No Spring WebApplicationInitializer types detected on classpath
16-Oct-2015 11:23:36.424 INFO [http-nio-8080-exec-175] org.apache.catalina.core.ApplicationContext.log Initializing Spring root WebApplicationContext
16-Oct-2015 11:24:22.469 INFO [http-nio-8080-exec-178] org.apache.catalina.core.ApplicationContext.log Initializing Spring FrameworkServlet 'spring-dispatcher'
16-Oct-2015 11:24:31.989 INFO [http-nio-8080-exec-182] org.apache.catalina.core.ApplicationContext.log Destroying Spring FrameworkServlet 'spring-dispatcher'
16-Oct-2015 11:24:31.991 INFO [http-nio-8080-exec-182] org.apache.catalina.core.ApplicationContext.log Closing Spring root WebApplicationContext
16-Oct-2015 11:24:33.199 INFO [http-nio-8080-exec-181] org.apache.catalina.core.ApplicationContext.log No Spring WebApplicationInitializer types detected on classpath
16-Oct-2015 11:24:33.225 INFO [http-nio-8080-exec-181] org.apache.catalina.core.ApplicationContext.log Initializing Spring root WebApplicationContext
16-Oct-2015 11:25:00.501 INFO [http-nio-8080-exec-182] org.apache.catalina.core.ApplicationContext.log Initializing Spring FrameworkServlet 'spring-dispatcher'
16-Oct-2015 11:26:24.628 INFO [http-nio-8080-exec-189] org.apache.catalina.core.ApplicationContext.log Destroying Spring FrameworkServlet 'spring-dispatcher'
16-Oct-2015 11:26:24.630 INFO [http-nio-8080-exec-189] org.apache.catalina.core.ApplicationContext.log Closing Spring root WebApplicationContext
16-Oct-2015 11:26:25.808 INFO [http-nio-8080-exec-193] org.apache.catalina.core.ApplicationContext.log No Spring WebApplicationInitializer types detected on classpath
16-Oct-2015 11:26:25.824 INFO [http-nio-8080-exec-193] org.apache.catalina.core.ApplicationContext.log Initializing Spring root WebApplicationContext
16-Oct-2015 11:28:52.459 INFO [http-nio-8080-exec-195] org.apache.catalina.core.ApplicationContext.log Initializing Spring FrameworkServlet 'spring-dispatcher'
16-Oct-2015 11:29:16.717 INFO [http-nio-8080-exec-197] org.apache.catalina.core.ApplicationContext.log Destroying Spring FrameworkServlet 'spring-dispatcher'
16-Oct-2015 11:29:16.719 INFO [http-nio-8080-exec-197] org.apache.catalina.core.ApplicationContext.log Closing Spring root WebApplicationContext
16-Oct-2015 11:29:17.682 INFO [http-nio-8080-exec-198] org.apache.catalina.core.ApplicationContext.log No Spring WebApplicationInitializer types detected on classpath
16-Oct-2015 11:29:17.699 INFO [http-nio-8080-exec-198] org.apache.catalina.core.ApplicationContext.log Initializing Spring root WebApplicationContext
16-Oct-2015 11:30:05.869 INFO [http-nio-8080-exec-194] org.apache.catalina.core.ApplicationContext.log Initializing Spring FrameworkServlet 'spring-dispatcher'
16-Oct-2015 11:31:05.323 INFO [http-nio-8080-exec-209] org.apache.catalina.core.ApplicationContext.log Destroying Spring FrameworkServlet 'spring-dispatcher'
16-Oct-2015 11:31:05.326 INFO [http-nio-8080-exec-209] org.apache.catalina.core.ApplicationContext.log Closing Spring root WebApplicationContext
16-Oct-2015 11:31:06.391 INFO [http-nio-8080-exec-204] org.apache.catalina.core.ApplicationContext.log No Spring WebApplicationInitializer types detected on classpath
16-Oct-2015 11:31:06.405 INFO [http-nio-8080-exec-204] org.apache.catalina.core.ApplicationContext.log Initializing Spring root WebApplicationContext
16-Oct-2015 11:31:35.705 INFO [http-nio-8080-exec-203] org.apache.catalina.core.ApplicationContext.log Initializing Spring FrameworkServlet 'spring-dispatcher'
16-Oct-2015 11:31:42.872 INFO [http-nio-8080-exec-218] org.apache.catalina.core.ApplicationContext.log Destroying Spring FrameworkServlet 'spring-dispatcher'
16-Oct-2015 11:31:42.874 INFO [http-nio-8080-exec-218] org.apache.catalina.core.ApplicationContext.log Closing Spring root WebApplicationContext
16-Oct-2015 11:31:43.813 INFO [http-nio-8080-exec-215] org.apache.catalina.core.ApplicationContext.log No Spring WebApplicationInitializer types detected on classpath
16-Oct-2015 11:31:43.836 INFO [http-nio-8080-exec-215] org.apache.catalina.core.ApplicationContext.log Initializing Spring root WebApplicationContext
16-Oct-2015 13:03:31.051 INFO [http-nio-8080-exec-219] org.apache.catalina.core.ApplicationContext.log Initializing Spring FrameworkServlet 'spring-dispatcher'
16-Oct-2015 13:34:55.253 INFO [http-nio-8080-exec-222] org.apache.catalina.core.ApplicationContext.log No Spring WebApplicationInitializer types detected on classpath
16-Oct-2015 13:34:55.273 INFO [http-nio-8080-exec-222] org.apache.catalina.core.ApplicationContext.log Initializing Spring root WebApplicationContext
16-Oct-2015 13:35:03.407 INFO [http-nio-8080-exec-221] org.apache.catalina.core.ApplicationContext.log Initializing Spring FrameworkServlet 'spring-dispatcher'
16-Oct-2015 13:36:38.450 INFO [http-nio-8080-exec-223] org.apache.catalina.core.ApplicationContext.log Destroying Spring FrameworkServlet 'spring-dispatcher'
16-Oct-2015 13:36:38.453 INFO [http-nio-8080-exec-223] org.apache.catalina.core.ApplicationContext.log Closing Spring root WebApplicationContext
16-Oct-2015 13:36:39.659 INFO [http-nio-8080-exec-221] org.apache.catalina.core.ApplicationContext.log No Spring WebApplicationInitializer types detected on classpath
16-Oct-2015 13:36:39.674 INFO [http-nio-8080-exec-221] org.apache.catalina.core.ApplicationContext.log Initializing Spring root WebApplicationContext
16-Oct-2015 13:36:43.746 INFO [http-nio-8080-exec-228] org.apache.catalina.core.ApplicationContext.log Initializing Spring FrameworkServlet 'spring-dispatcher'
16-Oct-2015 14:00:13.463 INFO [http-nio-8080-exec-228] org.apache.catalina.core.ApplicationContext.log No Spring WebApplicationInitializer types detected on classpath
16-Oct-2015 14:00:13.486 INFO [http-nio-8080-exec-228] org.apache.catalina.core.ApplicationContext.log Initializing Spring root WebApplicationContext
16-Oct-2015 14:02:31.947 INFO [http-nio-8080-exec-229] org.apache.catalina.core.ApplicationContext.log Initializing Spring FrameworkServlet 'spring-dispatcher'
16-Oct-2015 14:03:55.374 INFO [http-nio-8080-exec-229] org.apache.catalina.core.ApplicationContext.log Destroying Spring FrameworkServlet 'spring-dispatcher'
16-Oct-2015 14:03:55.380 INFO [http-nio-8080-exec-229] org.apache.catalina.core.ApplicationContext.log Closing Spring root WebApplicationContext
16-Oct-2015 14:03:56.366 INFO [http-nio-8080-exec-231] org.apache.catalina.core.ApplicationContext.log No Spring WebApplicationInitializer types detected on classpath
16-Oct-2015 14:03:56.387 INFO [http-nio-8080-exec-231] org.apache.catalina.core.ApplicationContext.log Initializing Spring root WebApplicationContext
16-Oct-2015 14:03:59.209 INFO [http-nio-8080-exec-234] org.apache.catalina.core.ApplicationContext.log Initializing Spring FrameworkServlet 'spring-dispatcher'
16-Oct-2015 14:10:10.876 INFO [http-nio-8080-exec-239] org.apache.catalina.core.ApplicationContext.log Destroying Spring FrameworkServlet 'spring-dispatcher'
16-Oct-2015 14:10:10.879 INFO [http-nio-8080-exec-239] org.apache.catalina.core.ApplicationContext.log Closing Spring root WebApplicationContext
16-Oct-2015 14:10:12.002 INFO [http-nio-8080-exec-245] org.apache.catalina.core.ApplicationContext.log No Spring WebApplicationInitializer types detected on classpath
16-Oct-2015 14:10:12.025 INFO [http-nio-8080-exec-245] org.apache.catalina.core.ApplicationContext.log Initializing Spring root WebApplicationContext
16-Oct-2015 14:11:19.204 INFO [http-nio-8080-exec-244] org.apache.catalina.core.ApplicationContext.log Closing Spring root WebApplicationContext
16-Oct-2015 14:11:20.181 INFO [http-nio-8080-exec-250] org.apache.catalina.core.ApplicationContext.log No Spring WebApplicationInitializer types detected on classpath
16-Oct-2015 14:11:20.196 INFO [http-nio-8080-exec-250] org.apache.catalina.core.ApplicationContext.log Initializing Spring root WebApplicationContext
16-Oct-2015 14:13:23.665 INFO [http-nio-8080-exec-252] org.apache.catalina.core.ApplicationContext.log Closing Spring root WebApplicationContext
16-Oct-2015 14:13:24.683 INFO [http-nio-8080-exec-259] org.apache.catalina.core.ApplicationContext.log No Spring WebApplicationInitializer types detected on classpath
16-Oct-2015 14:13:24.698 INFO [http-nio-8080-exec-259] org.apache.catalina.core.ApplicationContext.log Initializing Spring root WebApplicationContext
16-Oct-2015 14:14:48.526 INFO [http-nio-8080-exec-251] org.apache.catalina.core.ApplicationContext.log Closing Spring root WebApplicationContext
16-Oct-2015 14:14:49.516 INFO [http-nio-8080-exec-263] org.apache.catalina.core.ApplicationContext.log No Spring WebApplicationInitializer types detected on classpath
16-Oct-2015 14:14:49.533 INFO [http-nio-8080-exec-263] org.apache.catalina.core.ApplicationContext.log Initializing Spring root WebApplicationContext
16-Oct-2015 14:15:36.814 INFO [http-nio-8080-exec-268] org.apache.catalina.core.ApplicationContext.log Closing Spring root WebApplicationContext
16-Oct-2015 14:15:38.260 INFO [http-nio-8080-exec-264] org.apache.catalina.core.ApplicationContext.log No Spring WebApplicationInitializer types detected on classpath
16-Oct-2015 14:15:38.279 INFO [http-nio-8080-exec-264] org.apache.catalina.core.ApplicationContext.log Initializing Spring root WebApplicationContext
16-Oct-2015 14:15:57.905 INFO [http-nio-8080-exec-273] org.apache.catalina.core.ApplicationContext.log Closing Spring root WebApplicationContext
16-Oct-2015 14:15:58.908 INFO [http-nio-8080-exec-265] org.apache.catalina.core.ApplicationContext.log No Spring WebApplicationInitializer types detected on classpath
16-Oct-2015 14:15:58.928 INFO [http-nio-8080-exec-265] org.apache.catalina.core.ApplicationContext.log Initializing Spring root WebApplicationContext
16-Oct-2015 14:16:34.851 INFO [http-nio-8080-exec-278] org.apache.catalina.core.ApplicationContext.log Closing Spring root WebApplicationContext
16-Oct-2015 14:16:35.789 INFO [http-nio-8080-exec-276] org.apache.catalina.core.ApplicationContext.log No Spring WebApplicationInitializer types detected on classpath
16-Oct-2015 14:16:35.812 INFO [http-nio-8080-exec-276] org.apache.catalina.core.ApplicationContext.log Initializing Spring root WebApplicationContext
16-Oct-2015 14:18:49.618 INFO [http-nio-8080-exec-287] org.apache.catalina.core.ApplicationContext.log Closing Spring root WebApplicationContext
16-Oct-2015 14:18:50.589 INFO [http-nio-8080-exec-285] org.apache.catalina.core.ApplicationContext.log No Spring WebApplicationInitializer types detected on classpath
16-Oct-2015 14:18:50.604 INFO [http-nio-8080-exec-285] org.apache.catalina.core.ApplicationContext.log Initializing Spring root WebApplicationContext
16-Oct-2015 14:19:22.558 INFO [http-nio-8080-exec-290] org.apache.catalina.core.ApplicationContext.log Closing Spring root WebApplicationContext
16-Oct-2015 14:19:23.783 INFO [http-nio-8080-exec-291] org.apache.catalina.core.ApplicationContext.log No Spring WebApplicationInitializer types detected on classpath
16-Oct-2015 14:19:23.807 INFO [http-nio-8080-exec-291] org.apache.catalina.core.ApplicationContext.log Initializing Spring root WebApplicationContext
16-Oct-2015 14:20:10.278 INFO [http-nio-8080-exec-297] org.apache.catalina.core.ApplicationContext.log Closing Spring root WebApplicationContext
16-Oct-2015 14:20:11.316 INFO [http-nio-8080-exec-301] org.apache.catalina.core.ApplicationContext.log No Spring WebApplicationInitializer types detected on classpath
16-Oct-2015 14:20:11.338 INFO [http-nio-8080-exec-301] org.apache.catalina.core.ApplicationContext.log Initializing Spring root WebApplicationContext
16-Oct-2015 14:20:29.200 INFO [http-nio-8080-exec-300] org.apache.catalina.core.ApplicationContext.log Initializing Spring FrameworkServlet 'spring-dispatcher'
16-Oct-2015 14:21:57.390 INFO [http-nio-8080-exec-311] org.apache.catalina.core.ApplicationContext.log Destroying Spring FrameworkServlet 'spring-dispatcher'
16-Oct-2015 14:21:57.393 INFO [http-nio-8080-exec-311] org.apache.catalina.core.ApplicationContext.log Closing Spring root WebApplicationContext
16-Oct-2015 14:21:58.342 INFO [http-nio-8080-exec-303] org.apache.catalina.core.ApplicationContext.log No Spring WebApplicationInitializer types detected on classpath
16-Oct-2015 14:21:58.360 INFO [http-nio-8080-exec-303] org.apache.catalina.core.ApplicationContext.log Initializing Spring root WebApplicationContext
16-Oct-2015 14:22:41.349 INFO [http-nio-8080-exec-316] org.apache.catalina.core.ApplicationContext.log Closing Spring root WebApplicationContext
16-Oct-2015 14:22:42.411 INFO [http-nio-8080-exec-306] org.apache.catalina.core.ApplicationContext.log No Spring WebApplicationInitializer types detected on classpath
16-Oct-2015 14:22:42.429 INFO [http-nio-8080-exec-306] org.apache.catalina.core.ApplicationContext.log Initializing Spring root WebApplicationContext
16-Oct-2015 14:24:39.079 INFO [http-nio-8080-exec-321] org.apache.catalina.core.ApplicationContext.log Destroying Spring FrameworkServlet 'spring-dispatcher'
16-Oct-2015 14:24:39.085 INFO [http-nio-8080-exec-321] org.apache.catalina.core.ApplicationContext.log Closing Spring root WebApplicationContext
16-Oct-2015 14:24:40.364 INFO [http-nio-8080-exec-322] org.apache.catalina.core.ApplicationContext.log No Spring WebApplicationInitializer types detected on classpath
16-Oct-2015 14:24:40.385 INFO [http-nio-8080-exec-322] org.apache.catalina.core.ApplicationContext.log Initializing Spring root WebApplicationContext
