23-Oct-2015 09:55:11.915 INFO [http-nio-8080-exec-483] org.apache.catalina.core.ApplicationContext.log No Spring WebApplicationInitializer types detected on classpath
23-Oct-2015 09:55:11.931 INFO [http-nio-8080-exec-483] org.apache.catalina.core.ApplicationContext.log Initializing Spring root WebApplicationContext
23-Oct-2015 09:55:13.253 INFO [http-nio-8080-exec-480] org.apache.catalina.core.ApplicationContext.log Initializing Spring FrameworkServlet 'spring-dispatcher'
23-Oct-2015 09:56:28.061 INFO [http-nio-8080-exec-483] org.apache.catalina.core.ApplicationContext.log Destroying Spring FrameworkServlet 'spring-dispatcher'
23-Oct-2015 09:56:28.064 INFO [http-nio-8080-exec-483] org.apache.catalina.core.ApplicationContext.log Closing Spring root WebApplicationContext
23-Oct-2015 09:56:38.813 INFO [http-nio-8080-exec-479] org.apache.catalina.core.ApplicationContext.log No Spring WebApplicationInitializer types detected on classpath
23-Oct-2015 09:56:38.828 INFO [http-nio-8080-exec-479] org.apache.catalina.core.ApplicationContext.log Initializing Spring root WebApplicationContext
23-Oct-2015 09:56:39.876 INFO [http-nio-8080-exec-482] org.apache.catalina.core.ApplicationContext.log Initializing Spring FrameworkServlet 'spring-dispatcher'
23-Oct-2015 09:59:07.008 INFO [http-nio-8080-exec-495] org.apache.catalina.core.ApplicationContext.log Destroying Spring FrameworkServlet 'spring-dispatcher'
23-Oct-2015 09:59:07.013 INFO [http-nio-8080-exec-495] org.apache.catalina.core.ApplicationContext.log Closing Spring root WebApplicationContext
23-Oct-2015 09:59:16.617 INFO [http-nio-8080-exec-486] org.apache.catalina.core.ApplicationContext.log No Spring WebApplicationInitializer types detected on classpath
23-Oct-2015 09:59:16.633 INFO [http-nio-8080-exec-486] org.apache.catalina.core.ApplicationContext.log Initializing Spring root WebApplicationContext
23-Oct-2015 09:59:17.546 INFO [http-nio-8080-exec-493] org.apache.catalina.core.ApplicationContext.log Initializing Spring FrameworkServlet 'spring-dispatcher'
23-Oct-2015 10:01:36.064 INFO [http-nio-8080-exec-488] org.apache.catalina.core.ApplicationContext.log Destroying Spring FrameworkServlet 'spring-dispatcher'
23-Oct-2015 10:01:36.068 INFO [http-nio-8080-exec-488] org.apache.catalina.core.ApplicationContext.log Closing Spring root WebApplicationContext
23-Oct-2015 10:01:36.491 INFO [http-nio-8080-exec-488] org.apache.catalina.core.ApplicationContext.log No Spring WebApplicationInitializer types detected on classpath
23-Oct-2015 10:01:36.509 INFO [http-nio-8080-exec-488] org.apache.catalina.core.ApplicationContext.log Initializing Spring root WebApplicationContext
23-Oct-2015 10:01:37.215 SEVERE [http-nio-8080-exec-488] org.apache.catalina.core.StandardContext.listenerStart Exception sending context initialized event to listener instance of class org.springframework.web.context.ContextLoaderListener
 org.springframework.beans.factory.BeanCreationException: Error creating bean with name 'org.springframework.web.servlet.mvc.method.annotation.RequestMappingHandlerAdapter#0': Invocation of init method failed; nested exception is java.lang.NoClassDefFoundError: com/mycompany/contactlistmvc/validation/ValidationErrorContainer
	at org.springframework.beans.factory.support.AbstractAutowireCapableBeanFactory.initializeBean(AbstractAutowireCapableBeanFactory.java:1553)
	at org.springframework.beans.factory.support.AbstractAutowireCapableBeanFactory.doCreateBean(AbstractAutowireCapableBeanFactory.java:539)
	at org.springframework.beans.factory.support.AbstractAutowireCapableBeanFactory.createBean(AbstractAutowireCapableBeanFactory.java:475)
	at org.springframework.beans.factory.support.AbstractBeanFactory$1.getObject(AbstractBeanFactory.java:304)
	at org.springframework.beans.factory.support.DefaultSingletonBeanRegistry.getSingleton(DefaultSingletonBeanRegistry.java:228)
	at org.springframework.beans.factory.support.AbstractBeanFactory.doGetBean(AbstractBeanFactory.java:300)
	at org.springframework.beans.factory.support.AbstractBeanFactory.getBean(AbstractBeanFactory.java:195)
	at org.springframework.beans.factory.support.DefaultListableBeanFactory.preInstantiateSingletons(DefaultListableBeanFactory.java:703)
	at org.springframework.context.support.AbstractApplicationContext.finishBeanFactoryInitialization(AbstractApplicationContext.java:760)
	at org.springframework.context.support.AbstractApplicationContext.refresh(AbstractApplicationContext.java:482)
	at org.springframework.web.context.ContextLoader.configureAndRefreshWebApplicationContext(ContextLoader.java:403)
	at org.springframework.web.context.ContextLoader.initWebApplicationContext(ContextLoader.java:306)
	at org.springframework.web.context.ContextLoaderListener.contextInitialized(ContextLoaderListener.java:106)
	at org.apache.catalina.core.StandardContext.listenerStart(StandardContext.java:4738)
	at org.apache.catalina.core.StandardContext.startInternal(StandardContext.java:5181)
	at org.apache.catalina.util.LifecycleBase.start(LifecycleBase.java:150)
	at org.apache.catalina.core.StandardContext.reload(StandardContext.java:3755)
	at org.apache.catalina.manager.ManagerServlet.reload(ManagerServlet.java:1006)
	at org.apache.catalina.manager.ManagerServlet.doGet(ManagerServlet.java:354)
	at javax.servlet.http.HttpServlet.service(HttpServlet.java:622)
	at javax.servlet.http.HttpServlet.service(HttpServlet.java:729)
	at org.apache.catalina.core.ApplicationFilterChain.internalDoFilter(ApplicationFilterChain.java:291)
	at org.apache.catalina.core.ApplicationFilterChain.doFilter(ApplicationFilterChain.java:206)
	at org.apache.tomcat.websocket.server.WsFilter.doFilter(WsFilter.java:52)
	at org.apache.catalina.core.ApplicationFilterChain.internalDoFilter(ApplicationFilterChain.java:239)
	at org.apache.catalina.core.ApplicationFilterChain.doFilter(ApplicationFilterChain.java:206)
	at org.apache.catalina.filters.SetCharacterEncodingFilter.doFilter(SetCharacterEncodingFilter.java:108)
	at org.apache.catalina.core.ApplicationFilterChain.internalDoFilter(ApplicationFilterChain.java:239)
	at org.apache.catalina.core.ApplicationFilterChain.doFilter(ApplicationFilterChain.java:206)
	at org.apache.catalina.core.StandardWrapperValve.invoke(StandardWrapperValve.java:217)
	at org.apache.catalina.core.StandardContextValve.invoke(StandardContextValve.java:106)
	at org.apache.catalina.authenticator.AuthenticatorBase.invoke(AuthenticatorBase.java:614)
	at org.apache.catalina.core.StandardHostValve.invoke(StandardHostValve.java:142)
	at org.apache.catalina.valves.ErrorReportValve.invoke(ErrorReportValve.java:79)
	at org.apache.catalina.valves.AbstractAccessLogValve.invoke(AbstractAccessLogValve.java:616)
	at org.apache.catalina.core.StandardEngineValve.invoke(StandardEngineValve.java:88)
	at org.apache.catalina.connector.CoyoteAdapter.service(CoyoteAdapter.java:518)
	at org.apache.coyote.http11.AbstractHttp11Processor.process(AbstractHttp11Processor.java:1091)
	at org.apache.coyote.AbstractProtocol$AbstractConnectionHandler.process(AbstractProtocol.java:673)
	at org.apache.tomcat.util.net.NioEndpoint$SocketProcessor.doRun(NioEndpoint.java:1500)
	at org.apache.tomcat.util.net.NioEndpoint$SocketProcessor.run(NioEndpoint.java:1456)
	at java.util.concurrent.ThreadPoolExecutor.runWorker(ThreadPoolExecutor.java:1142)
	at java.util.concurrent.ThreadPoolExecutor$Worker.run(ThreadPoolExecutor.java:617)
	at org.apache.tomcat.util.threads.TaskThread$WrappingRunnable.run(TaskThread.java:61)
	at java.lang.Thread.run(Thread.java:745)
Caused by: java.lang.NoClassDefFoundError: com/mycompany/contactlistmvc/validation/ValidationErrorContainer
	at java.lang.Class.getDeclaredMethods0(Native Method)
	at java.lang.Class.privateGetDeclaredMethods(Class.java:2701)
	at java.lang.Class.getDeclaredMethods(Class.java:1975)
	at org.springframework.util.ReflectionUtils.doWithMethods(ReflectionUtils.java:474)
	at org.springframework.web.method.HandlerMethodSelector.selectMethods(HandlerMethodSelector.java:57)
	at org.springframework.web.servlet.mvc.method.annotation.RequestMappingHandlerAdapter.initControllerAdviceCache(RequestMappingHandlerAdapter.java:628)
	at org.springframework.web.servlet.mvc.method.annotation.RequestMappingHandlerAdapter.afterPropertiesSet(RequestMappingHandlerAdapter.java:496)
	at org.springframework.beans.factory.support.AbstractAutowireCapableBeanFactory.invokeInitMethods(AbstractAutowireCapableBeanFactory.java:1612)
	at org.springframework.beans.factory.support.AbstractAutowireCapableBeanFactory.initializeBean(AbstractAutowireCapableBeanFactory.java:1549)
	... 44 more
Caused by: java.lang.ClassNotFoundException: com.mycompany.contactlistmvc.validation.ValidationErrorContainer
	at org.apache.catalina.loader.WebappClassLoaderBase.loadClass(WebappClassLoaderBase.java:1333)
	at org.apache.catalina.loader.WebappClassLoaderBase.loadClass(WebappClassLoaderBase.java:1167)
	... 53 more

23-Oct-2015 10:01:37.220 INFO [http-nio-8080-exec-488] org.apache.catalina.core.ApplicationContext.log Closing Spring root WebApplicationContext
23-Oct-2015 10:01:56.141 INFO [http-nio-8080-exec-507] org.apache.catalina.core.ApplicationContext.log No Spring WebApplicationInitializer types detected on classpath
23-Oct-2015 10:01:56.162 INFO [http-nio-8080-exec-507] org.apache.catalina.core.ApplicationContext.log Initializing Spring root WebApplicationContext
23-Oct-2015 10:01:56.772 SEVERE [http-nio-8080-exec-507] org.apache.catalina.core.StandardContext.listenerStart Exception sending context initialized event to listener instance of class org.springframework.web.context.ContextLoaderListener
 org.springframework.beans.factory.BeanCreationException: Error creating bean with name 'org.springframework.web.servlet.mvc.method.annotation.RequestMappingHandlerAdapter#0': Invocation of init method failed; nested exception is java.lang.NoClassDefFoundError: com/mycompany/contactlistmvc/validation/ValidationErrorContainer
	at org.springframework.beans.factory.support.AbstractAutowireCapableBeanFactory.initializeBean(AbstractAutowireCapableBeanFactory.java:1553)
	at org.springframework.beans.factory.support.AbstractAutowireCapableBeanFactory.doCreateBean(AbstractAutowireCapableBeanFactory.java:539)
	at org.springframework.beans.factory.support.AbstractAutowireCapableBeanFactory.createBean(AbstractAutowireCapableBeanFactory.java:475)
	at org.springframework.beans.factory.support.AbstractBeanFactory$1.getObject(AbstractBeanFactory.java:304)
	at org.springframework.beans.factory.support.DefaultSingletonBeanRegistry.getSingleton(DefaultSingletonBeanRegistry.java:228)
	at org.springframework.beans.factory.support.AbstractBeanFactory.doGetBean(AbstractBeanFactory.java:300)
	at org.springframework.beans.factory.support.AbstractBeanFactory.getBean(AbstractBeanFactory.java:195)
	at org.springframework.beans.factory.support.DefaultListableBeanFactory.preInstantiateSingletons(DefaultListableBeanFactory.java:703)
	at org.springframework.context.support.AbstractApplicationContext.finishBeanFactoryInitialization(AbstractApplicationContext.java:760)
	at org.springframework.context.support.AbstractApplicationContext.refresh(AbstractApplicationContext.java:482)
	at org.springframework.web.context.ContextLoader.configureAndRefreshWebApplicationContext(ContextLoader.java:403)
	at org.springframework.web.context.ContextLoader.initWebApplicationContext(ContextLoader.java:306)
	at org.springframework.web.context.ContextLoaderListener.contextInitialized(ContextLoaderListener.java:106)
	at org.apache.catalina.core.StandardContext.listenerStart(StandardContext.java:4738)
	at org.apache.catalina.core.StandardContext.startInternal(StandardContext.java:5181)
	at org.apache.catalina.util.LifecycleBase.start(LifecycleBase.java:150)
	at org.apache.catalina.core.ContainerBase.addChildInternal(ContainerBase.java:725)
	at org.apache.catalina.core.ContainerBase.addChild(ContainerBase.java:701)
	at org.apache.catalina.core.StandardHost.addChild(StandardHost.java:717)
	at org.apache.catalina.startup.HostConfig.deployDescriptor(HostConfig.java:586)
	at org.apache.catalina.startup.HostConfig.deployApps(HostConfig.java:460)
	at org.apache.catalina.startup.HostConfig.check(HostConfig.java:1586)
	at sun.reflect.GeneratedMethodAccessor64.invoke(Unknown Source)
	at sun.reflect.DelegatingMethodAccessorImpl.invoke(DelegatingMethodAccessorImpl.java:43)
	at java.lang.reflect.Method.invoke(Method.java:497)
	at org.apache.tomcat.util.modeler.BaseModelMBean.invoke(BaseModelMBean.java:300)
	at com.sun.jmx.interceptor.DefaultMBeanServerInterceptor.invoke(DefaultMBeanServerInterceptor.java:819)
	at com.sun.jmx.mbeanserver.JmxMBeanServer.invoke(JmxMBeanServer.java:801)
	at org.apache.catalina.manager.ManagerServlet.check(ManagerServlet.java:1460)
	at org.apache.catalina.manager.ManagerServlet.deploy(ManagerServlet.java:906)
	at org.apache.catalina.manager.ManagerServlet.doGet(ManagerServlet.java:344)
	at javax.servlet.http.HttpServlet.service(HttpServlet.java:622)
	at javax.servlet.http.HttpServlet.service(HttpServlet.java:729)
	at org.apache.catalina.core.ApplicationFilterChain.internalDoFilter(ApplicationFilterChain.java:291)
	at org.apache.catalina.core.ApplicationFilterChain.doFilter(ApplicationFilterChain.java:206)
	at org.apache.tomcat.websocket.server.WsFilter.doFilter(WsFilter.java:52)
	at org.apache.catalina.core.ApplicationFilterChain.internalDoFilter(ApplicationFilterChain.java:239)
	at org.apache.catalina.core.ApplicationFilterChain.doFilter(ApplicationFilterChain.java:206)
	at org.apache.catalina.filters.SetCharacterEncodingFilter.doFilter(SetCharacterEncodingFilter.java:108)
	at org.apache.catalina.core.ApplicationFilterChain.internalDoFilter(ApplicationFilterChain.java:239)
	at org.apache.catalina.core.ApplicationFilterChain.doFilter(ApplicationFilterChain.java:206)
	at org.apache.catalina.core.StandardWrapperValve.invoke(StandardWrapperValve.java:217)
	at org.apache.catalina.core.StandardContextValve.invoke(StandardContextValve.java:106)
	at org.apache.catalina.authenticator.AuthenticatorBase.invoke(AuthenticatorBase.java:614)
	at org.apache.catalina.core.StandardHostValve.invoke(StandardHostValve.java:142)
	at org.apache.catalina.valves.ErrorReportValve.invoke(ErrorReportValve.java:79)
	at org.apache.catalina.valves.AbstractAccessLogValve.invoke(AbstractAccessLogValve.java:616)
	at org.apache.catalina.core.StandardEngineValve.invoke(StandardEngineValve.java:88)
	at org.apache.catalina.connector.CoyoteAdapter.service(CoyoteAdapter.java:518)
	at org.apache.coyote.http11.AbstractHttp11Processor.process(AbstractHttp11Processor.java:1091)
	at org.apache.coyote.AbstractProtocol$AbstractConnectionHandler.process(AbstractProtocol.java:673)
	at org.apache.tomcat.util.net.NioEndpoint$SocketProcessor.doRun(NioEndpoint.java:1500)
	at org.apache.tomcat.util.net.NioEndpoint$SocketProcessor.run(NioEndpoint.java:1456)
	at java.util.concurrent.ThreadPoolExecutor.runWorker(ThreadPoolExecutor.java:1142)
	at java.util.concurrent.ThreadPoolExecutor$Worker.run(ThreadPoolExecutor.java:617)
	at org.apache.tomcat.util.threads.TaskThread$WrappingRunnable.run(TaskThread.java:61)
	at java.lang.Thread.run(Thread.java:745)
Caused by: java.lang.NoClassDefFoundError: com/mycompany/contactlistmvc/validation/ValidationErrorContainer
	at java.lang.Class.getDeclaredMethods0(Native Method)
	at java.lang.Class.privateGetDeclaredMethods(Class.java:2701)
	at java.lang.Class.getDeclaredMethods(Class.java:1975)
	at org.springframework.util.ReflectionUtils.doWithMethods(ReflectionUtils.java:474)
	at org.springframework.web.method.HandlerMethodSelector.selectMethods(HandlerMethodSelector.java:57)
	at org.springframework.web.servlet.mvc.method.annotation.RequestMappingHandlerAdapter.initControllerAdviceCache(RequestMappingHandlerAdapter.java:628)
	at org.springframework.web.servlet.mvc.method.annotation.RequestMappingHandlerAdapter.afterPropertiesSet(RequestMappingHandlerAdapter.java:496)
	at org.springframework.beans.factory.support.AbstractAutowireCapableBeanFactory.invokeInitMethods(AbstractAutowireCapableBeanFactory.java:1612)
	at org.springframework.beans.factory.support.AbstractAutowireCapableBeanFactory.initializeBean(AbstractAutowireCapableBeanFactory.java:1549)
	... 56 more
Caused by: java.lang.ClassNotFoundException: com.mycompany.contactlistmvc.validation.ValidationErrorContainer
	at org.apache.catalina.loader.WebappClassLoaderBase.loadClass(WebappClassLoaderBase.java:1333)
	at org.apache.catalina.loader.WebappClassLoaderBase.loadClass(WebappClassLoaderBase.java:1167)
	... 65 more

23-Oct-2015 10:01:56.775 INFO [http-nio-8080-exec-507] org.apache.catalina.core.ApplicationContext.log Closing Spring root WebApplicationContext
23-Oct-2015 10:02:13.194 INFO [http-nio-8080-exec-506] org.apache.catalina.core.ApplicationContext.log No Spring WebApplicationInitializer types detected on classpath
23-Oct-2015 10:02:13.213 INFO [http-nio-8080-exec-506] org.apache.catalina.core.ApplicationContext.log Initializing Spring root WebApplicationContext
23-Oct-2015 10:02:13.960 INFO [http-nio-8080-exec-507] org.apache.catalina.core.ApplicationContext.log Initializing Spring FrameworkServlet 'spring-dispatcher'
23-Oct-2015 10:04:27.713 INFO [http-nio-8080-exec-510] org.apache.catalina.core.ApplicationContext.log Destroying Spring FrameworkServlet 'spring-dispatcher'
23-Oct-2015 10:04:27.715 INFO [http-nio-8080-exec-510] org.apache.catalina.core.ApplicationContext.log Closing Spring root WebApplicationContext
23-Oct-2015 10:04:28.696 INFO [http-nio-8080-exec-504] org.apache.catalina.core.ApplicationContext.log No Spring WebApplicationInitializer types detected on classpath
23-Oct-2015 10:04:28.713 INFO [http-nio-8080-exec-504] org.apache.catalina.core.ApplicationContext.log Initializing Spring root WebApplicationContext
23-Oct-2015 10:04:29.414 INFO [http-nio-8080-exec-508] org.apache.catalina.core.ApplicationContext.log Initializing Spring FrameworkServlet 'spring-dispatcher'
23-Oct-2015 10:04:30.978 INFO [http-nio-8080-exec-515] org.apache.catalina.core.ApplicationContext.log Destroying Spring FrameworkServlet 'spring-dispatcher'
23-Oct-2015 10:04:30.984 INFO [http-nio-8080-exec-515] org.apache.catalina.core.ApplicationContext.log Closing Spring root WebApplicationContext
23-Oct-2015 10:04:40.836 INFO [http-nio-8080-exec-505] org.apache.catalina.core.ApplicationContext.log No Spring WebApplicationInitializer types detected on classpath
23-Oct-2015 10:04:40.853 INFO [http-nio-8080-exec-505] org.apache.catalina.core.ApplicationContext.log Initializing Spring root WebApplicationContext
23-Oct-2015 10:04:42.068 INFO [http-nio-8080-exec-506] org.apache.catalina.core.ApplicationContext.log Initializing Spring FrameworkServlet 'spring-dispatcher'
23-Oct-2015 10:12:30.654 INFO [http-nio-8080-exec-524] org.apache.catalina.core.ApplicationContext.log Destroying Spring FrameworkServlet 'spring-dispatcher'
23-Oct-2015 10:12:30.658 INFO [http-nio-8080-exec-524] org.apache.catalina.core.ApplicationContext.log Closing Spring root WebApplicationContext
23-Oct-2015 10:12:31.125 INFO [http-nio-8080-exec-524] org.apache.catalina.core.ApplicationContext.log No Spring WebApplicationInitializer types detected on classpath
23-Oct-2015 10:12:31.142 INFO [http-nio-8080-exec-524] org.apache.catalina.core.ApplicationContext.log Initializing Spring root WebApplicationContext
23-Oct-2015 10:12:31.794 INFO [http-nio-8080-exec-519] org.apache.catalina.core.ApplicationContext.log Initializing Spring FrameworkServlet 'spring-dispatcher'
23-Oct-2015 10:13:52.729 INFO [http-nio-8080-exec-529] org.apache.catalina.core.ApplicationContext.log Destroying Spring FrameworkServlet 'spring-dispatcher'
23-Oct-2015 10:13:52.732 INFO [http-nio-8080-exec-529] org.apache.catalina.core.ApplicationContext.log Closing Spring root WebApplicationContext
23-Oct-2015 10:13:53.186 INFO [http-nio-8080-exec-529] org.apache.catalina.core.ApplicationContext.log No Spring WebApplicationInitializer types detected on classpath
23-Oct-2015 10:13:53.204 INFO [http-nio-8080-exec-529] org.apache.catalina.core.ApplicationContext.log Initializing Spring root WebApplicationContext
23-Oct-2015 10:13:53.901 INFO [http-nio-8080-exec-525] org.apache.catalina.core.ApplicationContext.log Initializing Spring FrameworkServlet 'spring-dispatcher'
23-Oct-2015 10:13:57.413 INFO [http-nio-8080-exec-526] org.apache.catalina.core.ApplicationContext.log Destroying Spring FrameworkServlet 'spring-dispatcher'
23-Oct-2015 10:13:57.415 INFO [http-nio-8080-exec-526] org.apache.catalina.core.ApplicationContext.log Closing Spring root WebApplicationContext
23-Oct-2015 10:14:10.998 INFO [http-nio-8080-exec-535] org.apache.catalina.core.ApplicationContext.log No Spring WebApplicationInitializer types detected on classpath
23-Oct-2015 10:14:11.016 INFO [http-nio-8080-exec-535] org.apache.catalina.core.ApplicationContext.log Initializing Spring root WebApplicationContext
23-Oct-2015 10:14:12.156 INFO [http-nio-8080-exec-530] org.apache.catalina.core.ApplicationContext.log Initializing Spring FrameworkServlet 'spring-dispatcher'
23-Oct-2015 10:16:31.614 INFO [http-nio-8080-exec-539] org.apache.catalina.core.ApplicationContext.log Destroying Spring FrameworkServlet 'spring-dispatcher'
23-Oct-2015 10:16:31.618 INFO [http-nio-8080-exec-539] org.apache.catalina.core.ApplicationContext.log Closing Spring root WebApplicationContext
23-Oct-2015 10:16:43.251 INFO [http-nio-8080-exec-542] org.apache.catalina.core.ApplicationContext.log No Spring WebApplicationInitializer types detected on classpath
23-Oct-2015 10:16:43.269 INFO [http-nio-8080-exec-542] org.apache.catalina.core.ApplicationContext.log Initializing Spring root WebApplicationContext
23-Oct-2015 10:16:44.425 INFO [http-nio-8080-exec-536] org.apache.catalina.core.ApplicationContext.log Initializing Spring FrameworkServlet 'spring-dispatcher'
23-Oct-2015 10:46:58.004 INFO [http-nio-8080-exec-545] org.apache.catalina.core.ApplicationContext.log Destroying Spring FrameworkServlet 'spring-dispatcher'
23-Oct-2015 10:46:58.007 INFO [http-nio-8080-exec-545] org.apache.catalina.core.ApplicationContext.log Closing Spring root WebApplicationContext
23-Oct-2015 10:46:58.490 INFO [http-nio-8080-exec-545] org.apache.catalina.core.ApplicationContext.log No Spring WebApplicationInitializer types detected on classpath
23-Oct-2015 10:46:58.510 INFO [http-nio-8080-exec-545] org.apache.catalina.core.ApplicationContext.log Initializing Spring root WebApplicationContext
23-Oct-2015 10:46:59.161 INFO [http-nio-8080-exec-551] org.apache.catalina.core.ApplicationContext.log Initializing Spring FrameworkServlet 'spring-dispatcher'
23-Oct-2015 10:50:11.548 INFO [http-nio-8080-exec-553] org.apache.catalina.core.ApplicationContext.log Destroying Spring FrameworkServlet 'spring-dispatcher'
23-Oct-2015 10:50:11.550 INFO [http-nio-8080-exec-553] org.apache.catalina.core.ApplicationContext.log Closing Spring root WebApplicationContext
23-Oct-2015 10:50:12.070 INFO [http-nio-8080-exec-553] org.apache.catalina.core.ApplicationContext.log No Spring WebApplicationInitializer types detected on classpath
23-Oct-2015 10:50:12.086 INFO [http-nio-8080-exec-553] org.apache.catalina.core.ApplicationContext.log Initializing Spring root WebApplicationContext
23-Oct-2015 10:50:12.866 INFO [http-nio-8080-exec-557] org.apache.catalina.core.ApplicationContext.log Initializing Spring FrameworkServlet 'spring-dispatcher'
23-Oct-2015 11:10:24.756 INFO [http-nio-8080-exec-570] org.apache.catalina.core.ApplicationContext.log Destroying Spring FrameworkServlet 'spring-dispatcher'
23-Oct-2015 11:10:24.759 INFO [http-nio-8080-exec-570] org.apache.catalina.core.ApplicationContext.log Closing Spring root WebApplicationContext
23-Oct-2015 11:10:39.734 INFO [http-nio-8080-exec-564] org.apache.catalina.core.ApplicationContext.log No Spring WebApplicationInitializer types detected on classpath
23-Oct-2015 11:10:39.750 INFO [http-nio-8080-exec-564] org.apache.catalina.core.ApplicationContext.log Initializing Spring root WebApplicationContext
23-Oct-2015 11:10:40.529 INFO [http-nio-8080-exec-566] org.apache.catalina.core.ApplicationContext.log Initializing Spring FrameworkServlet 'spring-dispatcher'
23-Oct-2015 14:22:54.013 INFO [http-nio-8080-exec-574] org.apache.catalina.core.ApplicationContext.log Destroying Spring FrameworkServlet 'spring-dispatcher'
23-Oct-2015 14:22:54.021 INFO [http-nio-8080-exec-574] org.apache.catalina.core.ApplicationContext.log Closing Spring root WebApplicationContext
23-Oct-2015 14:22:54.996 INFO [http-nio-8080-exec-575] org.apache.catalina.core.ApplicationContext.log No Spring WebApplicationInitializer types detected on classpath
23-Oct-2015 14:22:55.012 INFO [http-nio-8080-exec-575] org.apache.catalina.core.ApplicationContext.log Initializing Spring root WebApplicationContext
23-Oct-2015 14:22:56.183 INFO [http-nio-8080-exec-580] org.apache.catalina.core.ApplicationContext.log Initializing Spring FrameworkServlet 'spring-dispatcher'
23-Oct-2015 15:28:48.132 INFO [http-nio-8080-exec-585] org.apache.catalina.core.ApplicationContext.log Destroying Spring FrameworkServlet 'spring-dispatcher'
23-Oct-2015 15:28:48.135 INFO [http-nio-8080-exec-585] org.apache.catalina.core.ApplicationContext.log Closing Spring root WebApplicationContext
23-Oct-2015 15:28:48.613 INFO [http-nio-8080-exec-585] org.apache.catalina.core.ApplicationContext.log No Spring WebApplicationInitializer types detected on classpath
23-Oct-2015 15:28:48.632 INFO [http-nio-8080-exec-585] org.apache.catalina.core.ApplicationContext.log Initializing Spring root WebApplicationContext
23-Oct-2015 15:28:49.376 INFO [http-nio-8080-exec-587] org.apache.catalina.core.ApplicationContext.log Initializing Spring FrameworkServlet 'spring-dispatcher'
23-Oct-2015 15:30:15.783 INFO [http-nio-8080-exec-593] org.apache.catalina.core.ApplicationContext.log Destroying Spring FrameworkServlet 'spring-dispatcher'
23-Oct-2015 15:30:15.785 INFO [http-nio-8080-exec-593] org.apache.catalina.core.ApplicationContext.log Closing Spring root WebApplicationContext
23-Oct-2015 15:30:16.739 INFO [http-nio-8080-exec-586] org.apache.catalina.core.ApplicationContext.log No Spring WebApplicationInitializer types detected on classpath
23-Oct-2015 15:30:16.762 INFO [http-nio-8080-exec-586] org.apache.catalina.core.ApplicationContext.log Initializing Spring root WebApplicationContext
23-Oct-2015 15:30:17.528 INFO [http-nio-8080-exec-594] org.apache.catalina.core.ApplicationContext.log Initializing Spring FrameworkServlet 'spring-dispatcher'
