25-Oct-2015 12:40:33.176 INFO [http-nio-8080-exec-851] org.apache.catalina.core.ApplicationContext.log Manager: list: Listing contexts for virtual host 'localhost'
25-Oct-2015 12:40:33.178 INFO [http-nio-8080-exec-852] org.apache.catalina.core.ApplicationContext.log Manager: list: Listing contexts for virtual host 'localhost'
25-Oct-2015 12:40:33.188 INFO [http-nio-8080-exec-843] org.apache.catalina.core.ApplicationContext.log Manager: undeploy: Undeploying web application at '/VendingMachineV2'
25-Oct-2015 12:40:33.716 INFO [http-nio-8080-exec-849] org.apache.catalina.core.ApplicationContext.log Manager: install: Installing context configuration at 'file:/tmp/context6214661692400303119.xml'
25-Oct-2015 12:40:34.935 INFO [http-nio-8080-exec-850] org.apache.catalina.core.ApplicationContext.log Manager: start: Starting web application '/VendingMachineV2'
25-Oct-2015 12:42:17.303 INFO [http-nio-8080-exec-848] org.apache.catalina.core.ApplicationContext.log Manager: list: Listing contexts for virtual host 'localhost'
25-Oct-2015 12:42:32.919 INFO [http-nio-8080-exec-846] org.apache.catalina.core.ApplicationContext.log Manager: list: Listing contexts for virtual host 'localhost'
25-Oct-2015 12:52:48.007 INFO [http-nio-8080-exec-855] org.apache.catalina.core.ApplicationContext.log Manager: list: Listing contexts for virtual host 'localhost'
25-Oct-2015 12:52:48.040 INFO [http-nio-8080-exec-860] org.apache.catalina.core.ApplicationContext.log Manager: restart: Reloading web application '/VendingMachineV2'
25-Oct-2015 13:02:55.715 INFO [http-nio-8080-exec-869] org.apache.catalina.core.ApplicationContext.log Manager: list: Listing contexts for virtual host 'localhost'
25-Oct-2015 13:02:55.735 INFO [http-nio-8080-exec-866] org.apache.catalina.core.ApplicationContext.log Manager: list: Listing contexts for virtual host 'localhost'
25-Oct-2015 13:09:56.391 INFO [http-nio-8080-exec-871] org.apache.catalina.core.ApplicationContext.log Manager: list: Listing contexts for virtual host 'localhost'
25-Oct-2015 13:09:56.413 INFO [http-nio-8080-exec-870] org.apache.catalina.core.ApplicationContext.log Manager: list: Listing contexts for virtual host 'localhost'
25-Oct-2015 13:16:56.233 INFO [http-nio-8080-exec-864] org.apache.catalina.core.ApplicationContext.log Manager: list: Listing contexts for virtual host 'localhost'
25-Oct-2015 13:24:24.052 INFO [http-nio-8080-exec-867] org.apache.catalina.core.ApplicationContext.log Manager: list: Listing contexts for virtual host 'localhost'
25-Oct-2015 13:24:26.003 INFO [http-nio-8080-exec-865] org.apache.catalina.core.ApplicationContext.log Manager: list: Listing contexts for virtual host 'localhost'
25-Oct-2015 13:24:33.485 INFO [http-nio-8080-exec-863] org.apache.catalina.core.ApplicationContext.log Manager: list: Listing contexts for virtual host 'localhost'
25-Oct-2015 13:24:33.496 INFO [http-nio-8080-exec-866] org.apache.catalina.core.ApplicationContext.log Manager: undeploy: Undeploying web application at '/VendingMachineV2'
25-Oct-2015 13:24:42.805 INFO [http-nio-8080-exec-874] org.apache.catalina.core.ApplicationContext.log Manager: list: Listing contexts for virtual host 'localhost'
25-Oct-2015 13:24:42.809 INFO [http-nio-8080-exec-875] org.apache.catalina.core.ApplicationContext.log Manager: list: Listing contexts for virtual host 'localhost'
25-Oct-2015 13:24:42.825 INFO [http-nio-8080-exec-876] org.apache.catalina.core.ApplicationContext.log Manager: install: Installing context configuration at 'file:/tmp/context1964844599598777740.xml'
25-Oct-2015 13:24:44.143 INFO [http-nio-8080-exec-867] org.apache.catalina.core.ApplicationContext.log Manager: start: Starting web application '/VendingMachineV2'
25-Oct-2015 13:25:57.908 INFO [http-nio-8080-exec-879] org.apache.catalina.core.ApplicationContext.log Manager: list: Listing contexts for virtual host 'localhost'
25-Oct-2015 13:26:00.662 INFO [http-nio-8080-exec-881] org.apache.catalina.core.ApplicationContext.log Manager: list: Listing contexts for virtual host 'localhost'
25-Oct-2015 13:26:00.672 INFO [http-nio-8080-exec-873] org.apache.catalina.core.ApplicationContext.log Manager: undeploy: Undeploying web application at '/VendingMachineV2'
25-Oct-2015 13:26:08.849 INFO [http-nio-8080-exec-875] org.apache.catalina.core.ApplicationContext.log Manager: list: Listing contexts for virtual host 'localhost'
25-Oct-2015 13:26:08.856 INFO [http-nio-8080-exec-884] org.apache.catalina.core.ApplicationContext.log Manager: list: Listing contexts for virtual host 'localhost'
25-Oct-2015 13:26:08.869 INFO [http-nio-8080-exec-878] org.apache.catalina.core.ApplicationContext.log Manager: install: Installing context configuration at 'file:/tmp/context4313291078517997418.xml'
25-Oct-2015 13:26:11.118 INFO [http-nio-8080-exec-879] org.apache.catalina.core.ApplicationContext.log Manager: start: Starting web application '/VendingMachineV2'
25-Oct-2015 13:26:56.897 INFO [http-nio-8080-exec-888] org.apache.catalina.core.ApplicationContext.log Manager: list: Listing contexts for virtual host 'localhost'
25-Oct-2015 13:31:17.427 INFO [http-nio-8080-exec-885] org.apache.catalina.core.ApplicationContext.log Manager: list: Listing contexts for virtual host 'localhost'
25-Oct-2015 13:31:17.452 INFO [http-nio-8080-exec-888] org.apache.catalina.core.ApplicationContext.log Manager: restart: Reloading web application '/VendingMachineV2'
25-Oct-2015 13:31:29.503 INFO [http-nio-8080-exec-891] org.apache.catalina.core.ApplicationContext.log Manager: list: Listing contexts for virtual host 'localhost'
25-Oct-2015 13:31:29.514 INFO [http-nio-8080-exec-883] org.apache.catalina.core.ApplicationContext.log Manager: undeploy: Undeploying web application at '/VendingMachineV2'
25-Oct-2015 13:31:29.767 INFO [http-nio-8080-exec-889] org.apache.catalina.core.ApplicationContext.log Manager: list: Listing contexts for virtual host 'localhost'
25-Oct-2015 13:31:29.779 INFO [http-nio-8080-exec-886] org.apache.catalina.core.ApplicationContext.log Manager: list: Listing contexts for virtual host 'localhost'
25-Oct-2015 13:31:36.963 INFO [http-nio-8080-exec-884] org.apache.catalina.core.ApplicationContext.log Manager: list: Listing contexts for virtual host 'localhost'
25-Oct-2015 13:31:36.968 INFO [http-nio-8080-exec-896] org.apache.catalina.core.ApplicationContext.log Manager: list: Listing contexts for virtual host 'localhost'
25-Oct-2015 13:31:36.978 INFO [http-nio-8080-exec-891] org.apache.catalina.core.ApplicationContext.log Manager: install: Installing context configuration at 'file:/tmp/context8508747180177927610.xml'
25-Oct-2015 13:31:38.224 INFO [http-nio-8080-exec-892] org.apache.catalina.core.ApplicationContext.log Manager: start: Starting web application '/VendingMachineV2'
25-Oct-2015 13:33:05.416 INFO [http-nio-8080-exec-883] org.apache.catalina.core.ApplicationContext.log Manager: list: Listing contexts for virtual host 'localhost'
25-Oct-2015 13:33:10.081 INFO [http-nio-8080-exec-883] org.apache.catalina.core.ApplicationContext.log Manager: list: Listing contexts for virtual host 'localhost'
25-Oct-2015 13:33:10.087 INFO [http-nio-8080-exec-901] org.apache.catalina.core.ApplicationContext.log Manager: undeploy: Undeploying web application at '/VendingMachineV2'
25-Oct-2015 13:33:18.909 INFO [http-nio-8080-exec-901] org.apache.catalina.core.ApplicationContext.log Manager: list: Listing contexts for virtual host 'localhost'
25-Oct-2015 13:33:18.912 INFO [http-nio-8080-exec-904] org.apache.catalina.core.ApplicationContext.log Manager: list: Listing contexts for virtual host 'localhost'
25-Oct-2015 13:33:18.921 INFO [http-nio-8080-exec-898] org.apache.catalina.core.ApplicationContext.log Manager: install: Installing context configuration at 'file:/tmp/context4056684191949651497.xml'
25-Oct-2015 13:33:20.094 INFO [http-nio-8080-exec-902] org.apache.catalina.core.ApplicationContext.log Manager: start: Starting web application '/VendingMachineV2'
25-Oct-2015 13:34:17.026 INFO [http-nio-8080-exec-890] org.apache.catalina.core.ApplicationContext.log Manager: list: Listing contexts for virtual host 'localhost'
25-Oct-2015 13:34:20.707 INFO [http-nio-8080-exec-890] org.apache.catalina.core.ApplicationContext.log Manager: list: Listing contexts for virtual host 'localhost'
25-Oct-2015 13:34:20.715 INFO [http-nio-8080-exec-900] org.apache.catalina.core.ApplicationContext.log Manager: undeploy: Undeploying web application at '/VendingMachineV2'
25-Oct-2015 13:34:28.786 INFO [http-nio-8080-exec-900] org.apache.catalina.core.ApplicationContext.log Manager: list: Listing contexts for virtual host 'localhost'
25-Oct-2015 13:34:28.791 INFO [http-nio-8080-exec-910] org.apache.catalina.core.ApplicationContext.log Manager: list: Listing contexts for virtual host 'localhost'
25-Oct-2015 13:34:28.802 INFO [http-nio-8080-exec-911] org.apache.catalina.core.ApplicationContext.log Manager: install: Installing context configuration at 'file:/tmp/context2010120278899245241.xml'
25-Oct-2015 13:34:30.088 INFO [http-nio-8080-exec-890] org.apache.catalina.core.ApplicationContext.log Manager: start: Starting web application '/VendingMachineV2'
25-Oct-2015 13:37:00.241 INFO [http-nio-8080-exec-916] org.apache.catalina.core.ApplicationContext.log Manager: list: Listing contexts for virtual host 'localhost'
25-Oct-2015 13:37:00.263 INFO [http-nio-8080-exec-917] org.apache.catalina.core.ApplicationContext.log Manager: restart: Reloading web application '/VendingMachineV2'
25-Oct-2015 13:37:06.570 INFO [http-nio-8080-exec-911] org.apache.catalina.core.ApplicationContext.log Manager: list: Listing contexts for virtual host 'localhost'
25-Oct-2015 13:37:06.588 INFO [http-nio-8080-exec-910] org.apache.catalina.core.ApplicationContext.log Manager: undeploy: Undeploying web application at '/VendingMachineV2'
25-Oct-2015 13:37:06.826 INFO [http-nio-8080-exec-899] org.apache.catalina.core.ApplicationContext.log Manager: list: Listing contexts for virtual host 'localhost'
25-Oct-2015 13:37:13.480 INFO [http-nio-8080-exec-920] org.apache.catalina.core.ApplicationContext.log Manager: list: Listing contexts for virtual host 'localhost'
25-Oct-2015 13:37:13.485 INFO [http-nio-8080-exec-913] org.apache.catalina.core.ApplicationContext.log Manager: list: Listing contexts for virtual host 'localhost'
25-Oct-2015 13:37:13.496 INFO [http-nio-8080-exec-914] org.apache.catalina.core.ApplicationContext.log Manager: install: Installing context configuration at 'file:/tmp/context7500555539092878101.xml'
25-Oct-2015 13:37:14.775 INFO [http-nio-8080-exec-918] org.apache.catalina.core.ApplicationContext.log Manager: start: Starting web application '/VendingMachineV2'
25-Oct-2015 13:45:52.906 INFO [http-nio-8080-exec-924] org.apache.catalina.core.ApplicationContext.log Manager: list: Listing contexts for virtual host 'localhost'
25-Oct-2015 13:45:52.921 INFO [http-nio-8080-exec-925] org.apache.catalina.core.ApplicationContext.log Manager: undeploy: Undeploying web application at '/VendingMachineV2'
25-Oct-2015 13:45:53.179 INFO [http-nio-8080-exec-923] org.apache.catalina.core.ApplicationContext.log Manager: list: Listing contexts for virtual host 'localhost'
25-Oct-2015 13:46:00.451 INFO [http-nio-8080-exec-924] org.apache.catalina.core.ApplicationContext.log Manager: list: Listing contexts for virtual host 'localhost'
25-Oct-2015 13:46:00.462 INFO [http-nio-8080-exec-921] org.apache.catalina.core.ApplicationContext.log Manager: list: Listing contexts for virtual host 'localhost'
25-Oct-2015 13:46:00.471 INFO [http-nio-8080-exec-931] org.apache.catalina.core.ApplicationContext.log Manager: install: Installing context configuration at 'file:/tmp/context7064387230244121804.xml'
25-Oct-2015 13:46:01.691 INFO [http-nio-8080-exec-926] org.apache.catalina.core.ApplicationContext.log Manager: start: Starting web application '/VendingMachineV2'
