24-Oct-2015 20:07:10.657 INFO [http-nio-8080-exec-600] org.apache.catalina.core.ApplicationContext.log Manager: list: Listing contexts for virtual host 'localhost'
24-Oct-2015 20:07:10.746 INFO [http-nio-8080-exec-603] org.apache.catalina.core.ApplicationContext.log Manager: restart: Reloading web application '/DVDLibraryV4'
24-Oct-2015 20:10:31.943 INFO [http-nio-8080-exec-602] org.apache.catalina.core.ApplicationContext.log Manager: list: Listing contexts for virtual host 'localhost'
24-Oct-2015 20:10:31.947 INFO [http-nio-8080-exec-612] org.apache.catalina.core.ApplicationContext.log Manager: list: Listing contexts for virtual host 'localhost'
24-Oct-2015 20:10:31.960 INFO [http-nio-8080-exec-606] org.apache.catalina.core.ApplicationContext.log Manager: undeploy: Undeploying web application at '/DVDLibraryV4'
24-Oct-2015 20:10:32.483 INFO [http-nio-8080-exec-602] org.apache.catalina.core.ApplicationContext.log Manager: install: Installing context configuration at 'file:/tmp/context8265806893626713542.xml'
24-Oct-2015 20:10:33.817 INFO [http-nio-8080-exec-607] org.apache.catalina.core.ApplicationContext.log Manager: start: Starting web application '/DVDLibraryV4'
24-Oct-2015 20:11:18.776 INFO [http-nio-8080-exec-620] org.apache.catalina.core.ApplicationContext.log Manager: list: Listing contexts for virtual host 'localhost'
24-Oct-2015 20:11:37.959 INFO [http-nio-8080-exec-615] org.apache.catalina.core.ApplicationContext.log Manager: list: Listing contexts for virtual host 'localhost'
24-Oct-2015 20:11:37.984 INFO [http-nio-8080-exec-618] org.apache.catalina.core.ApplicationContext.log Manager: restart: Reloading web application '/DVDLibraryV4'
24-Oct-2015 20:12:10.485 INFO [http-nio-8080-exec-618] org.apache.catalina.core.ApplicationContext.log Manager: list: Listing contexts for virtual host 'localhost'
24-Oct-2015 20:12:10.498 INFO [http-nio-8080-exec-609] org.apache.catalina.core.ApplicationContext.log Manager: restart: Reloading web application '/DVDLibraryV4'
24-Oct-2015 20:12:10.498 SEVERE [http-nio-8080-exec-609] org.apache.catalina.core.ApplicationContext.log Manager: ManagerServlet.reload[/DVDLibraryV4]
 java.lang.IllegalStateException: Context with name [/DVDLibraryV4] has not yet been started
	at org.apache.catalina.core.StandardContext.reload(StandardContext.java:3737)
	at org.apache.catalina.manager.ManagerServlet.reload(ManagerServlet.java:1006)
	at org.apache.catalina.manager.ManagerServlet.doGet(ManagerServlet.java:354)
	at javax.servlet.http.HttpServlet.service(HttpServlet.java:622)
	at javax.servlet.http.HttpServlet.service(HttpServlet.java:729)
	at org.apache.catalina.core.ApplicationFilterChain.internalDoFilter(ApplicationFilterChain.java:291)
	at org.apache.catalina.core.ApplicationFilterChain.doFilter(ApplicationFilterChain.java:206)
	at org.apache.tomcat.websocket.server.WsFilter.doFilter(WsFilter.java:52)
	at org.apache.catalina.core.ApplicationFilterChain.internalDoFilter(ApplicationFilterChain.java:239)
	at org.apache.catalina.core.ApplicationFilterChain.doFilter(ApplicationFilterChain.java:206)
	at org.apache.catalina.filters.SetCharacterEncodingFilter.doFilter(SetCharacterEncodingFilter.java:108)
	at org.apache.catalina.core.ApplicationFilterChain.internalDoFilter(ApplicationFilterChain.java:239)
	at org.apache.catalina.core.ApplicationFilterChain.doFilter(ApplicationFilterChain.java:206)
	at org.apache.catalina.core.StandardWrapperValve.invoke(StandardWrapperValve.java:217)
	at org.apache.catalina.core.StandardContextValve.invoke(StandardContextValve.java:106)
	at org.apache.catalina.authenticator.AuthenticatorBase.invoke(AuthenticatorBase.java:614)
	at org.apache.catalina.core.StandardHostValve.invoke(StandardHostValve.java:142)
	at org.apache.catalina.valves.ErrorReportValve.invoke(ErrorReportValve.java:79)
	at org.apache.catalina.valves.AbstractAccessLogValve.invoke(AbstractAccessLogValve.java:616)
	at org.apache.catalina.core.StandardEngineValve.invoke(StandardEngineValve.java:88)
	at org.apache.catalina.connector.CoyoteAdapter.service(CoyoteAdapter.java:518)
	at org.apache.coyote.http11.AbstractHttp11Processor.process(AbstractHttp11Processor.java:1091)
	at org.apache.coyote.AbstractProtocol$AbstractConnectionHandler.process(AbstractProtocol.java:673)
	at org.apache.tomcat.util.net.NioEndpoint$SocketProcessor.doRun(NioEndpoint.java:1500)
	at org.apache.tomcat.util.net.NioEndpoint$SocketProcessor.run(NioEndpoint.java:1456)
	at java.util.concurrent.ThreadPoolExecutor.runWorker(ThreadPoolExecutor.java:1142)
	at java.util.concurrent.ThreadPoolExecutor$Worker.run(ThreadPoolExecutor.java:617)
	at org.apache.tomcat.util.threads.TaskThread$WrappingRunnable.run(TaskThread.java:61)
	at java.lang.Thread.run(Thread.java:745)

24-Oct-2015 20:12:23.632 INFO [http-nio-8080-exec-609] org.apache.catalina.core.ApplicationContext.log Manager: list: Listing contexts for virtual host 'localhost'
24-Oct-2015 20:12:23.642 INFO [http-nio-8080-exec-625] org.apache.catalina.core.ApplicationContext.log Manager: list: Listing contexts for virtual host 'localhost'
24-Oct-2015 20:12:23.655 INFO [http-nio-8080-exec-623] org.apache.catalina.core.ApplicationContext.log Manager: undeploy: Undeploying web application at '/DVDLibraryV4'
24-Oct-2015 20:12:24.167 INFO [http-nio-8080-exec-626] org.apache.catalina.core.ApplicationContext.log Manager: install: Installing context configuration at 'file:/tmp/context61911259681934508.xml'
24-Oct-2015 20:12:25.386 INFO [http-nio-8080-exec-624] org.apache.catalina.core.ApplicationContext.log Manager: start: Starting web application '/DVDLibraryV4'
24-Oct-2015 20:12:43.664 INFO [http-nio-8080-exec-619] org.apache.catalina.core.ApplicationContext.log Manager: list: Listing contexts for virtual host 'localhost'
24-Oct-2015 20:12:55.780 INFO [http-nio-8080-exec-623] org.apache.catalina.core.ApplicationContext.log Manager: list: Listing contexts for virtual host 'localhost'
24-Oct-2015 20:28:52.231 INFO [http-nio-8080-exec-629] org.apache.catalina.core.ApplicationContext.log Manager: list: Listing contexts for virtual host 'localhost'
24-Oct-2015 20:29:50.844 INFO [http-nio-8080-exec-631] org.apache.catalina.core.ApplicationContext.log Manager: list: Listing contexts for virtual host 'localhost'
24-Oct-2015 20:29:59.233 INFO [http-nio-8080-exec-625] org.apache.catalina.core.ApplicationContext.log Manager: list: Listing contexts for virtual host 'localhost'
24-Oct-2015 20:29:59.246 INFO [http-nio-8080-exec-632] org.apache.catalina.core.ApplicationContext.log Manager: undeploy: Undeploying web application at '/DVDLibraryV4'
24-Oct-2015 20:30:13.081 INFO [http-nio-8080-exec-623] org.apache.catalina.core.ApplicationContext.log Manager: list: Listing contexts for virtual host 'localhost'
24-Oct-2015 20:30:27.642 INFO [http-nio-8080-exec-623] org.apache.catalina.core.ApplicationContext.log Manager: list: Listing contexts for virtual host 'localhost'
24-Oct-2015 20:30:27.646 INFO [http-nio-8080-exec-636] org.apache.catalina.core.ApplicationContext.log Manager: list: Listing contexts for virtual host 'localhost'
24-Oct-2015 20:30:27.656 INFO [http-nio-8080-exec-637] org.apache.catalina.core.ApplicationContext.log Manager: install: Installing context configuration at 'file:/tmp/context3908749476390265096.xml'
24-Oct-2015 20:30:29.143 INFO [http-nio-8080-exec-628] org.apache.catalina.core.ApplicationContext.log Manager: start: Starting web application '/DVDLibraryV4'
24-Oct-2015 20:36:28.378 INFO [http-nio-8080-exec-638] org.apache.catalina.core.ApplicationContext.log Manager: list: Listing contexts for virtual host 'localhost'
24-Oct-2015 20:36:28.410 INFO [http-nio-8080-exec-640] org.apache.catalina.core.ApplicationContext.log Manager: restart: Reloading web application '/DVDLibraryV4'
24-Oct-2015 20:38:12.738 INFO [http-nio-8080-exec-635] org.apache.catalina.core.ApplicationContext.log Manager: list: Listing contexts for virtual host 'localhost'
24-Oct-2015 20:38:12.749 INFO [http-nio-8080-exec-645] org.apache.catalina.core.ApplicationContext.log Manager: restart: Reloading web application '/DVDLibraryV4'
24-Oct-2015 20:41:24.025 INFO [http-nio-8080-exec-654] org.apache.catalina.core.ApplicationContext.log Manager: list: Listing contexts for virtual host 'localhost'
24-Oct-2015 20:41:24.047 INFO [http-nio-8080-exec-643] org.apache.catalina.core.ApplicationContext.log Manager: restart: Reloading web application '/DVDLibraryV4'
24-Oct-2015 20:41:57.534 INFO [http-nio-8080-exec-655] org.apache.catalina.core.ApplicationContext.log Manager: list: Listing contexts for virtual host 'localhost'
24-Oct-2015 20:41:57.544 INFO [http-nio-8080-exec-650] org.apache.catalina.core.ApplicationContext.log Manager: undeploy: Undeploying web application at '/DVDLibraryV4'
24-Oct-2015 20:42:06.558 INFO [http-nio-8080-exec-650] org.apache.catalina.core.ApplicationContext.log Manager: list: Listing contexts for virtual host 'localhost'
24-Oct-2015 20:42:06.566 INFO [http-nio-8080-exec-656] org.apache.catalina.core.ApplicationContext.log Manager: list: Listing contexts for virtual host 'localhost'
24-Oct-2015 20:42:06.582 INFO [http-nio-8080-exec-649] org.apache.catalina.core.ApplicationContext.log Manager: install: Installing context configuration at 'file:/tmp/context884695288616323513.xml'
24-Oct-2015 20:42:07.811 INFO [http-nio-8080-exec-655] org.apache.catalina.core.ApplicationContext.log Manager: start: Starting web application '/DVDLibraryV4'
24-Oct-2015 20:42:49.996 INFO [http-nio-8080-exec-648] org.apache.catalina.core.ApplicationContext.log Manager: list: Listing contexts for virtual host 'localhost'
24-Oct-2015 20:43:54.238 INFO [http-nio-8080-exec-661] org.apache.catalina.core.ApplicationContext.log Manager: list: Listing contexts for virtual host 'localhost'
24-Oct-2015 20:43:54.262 INFO [http-nio-8080-exec-656] org.apache.catalina.core.ApplicationContext.log Manager: restart: Reloading web application '/DVDLibraryV4'
24-Oct-2015 20:44:43.825 INFO [http-nio-8080-exec-667] org.apache.catalina.core.ApplicationContext.log Manager: list: Listing contexts for virtual host 'localhost'
24-Oct-2015 20:44:43.842 INFO [http-nio-8080-exec-666] org.apache.catalina.core.ApplicationContext.log Manager: restart: Reloading web application '/DVDLibraryV4'
24-Oct-2015 20:45:27.963 INFO [http-nio-8080-exec-670] org.apache.catalina.core.ApplicationContext.log Manager: list: Listing contexts for virtual host 'localhost'
24-Oct-2015 20:45:31.045 INFO [http-nio-8080-exec-669] org.apache.catalina.core.ApplicationContext.log Manager: list: Listing contexts for virtual host 'localhost'
24-Oct-2015 20:45:31.056 INFO [http-nio-8080-exec-670] org.apache.catalina.core.ApplicationContext.log Manager: undeploy: Undeploying web application at '/DVDLibraryV4'
24-Oct-2015 20:45:41.422 INFO [http-nio-8080-exec-670] org.apache.catalina.core.ApplicationContext.log Manager: list: Listing contexts for virtual host 'localhost'
24-Oct-2015 20:45:41.426 INFO [http-nio-8080-exec-674] org.apache.catalina.core.ApplicationContext.log Manager: list: Listing contexts for virtual host 'localhost'
24-Oct-2015 20:45:41.440 INFO [http-nio-8080-exec-659] org.apache.catalina.core.ApplicationContext.log Manager: install: Installing context configuration at 'file:/tmp/context3631209629683630509.xml'
24-Oct-2015 20:45:42.800 INFO [http-nio-8080-exec-667] org.apache.catalina.core.ApplicationContext.log Manager: start: Starting web application '/DVDLibraryV4'
24-Oct-2015 20:50:04.704 INFO [http-nio-8080-exec-680] org.apache.catalina.core.ApplicationContext.log Manager: list: Listing contexts for virtual host 'localhost'
24-Oct-2015 20:50:04.723 INFO [http-nio-8080-exec-681] org.apache.catalina.core.ApplicationContext.log Manager: restart: Reloading web application '/DVDLibraryV4'
24-Oct-2015 20:50:50.618 INFO [http-nio-8080-exec-679] org.apache.catalina.core.ApplicationContext.log Manager: list: Listing contexts for virtual host 'localhost'
24-Oct-2015 20:52:21.794 INFO [http-nio-8080-exec-678] org.apache.catalina.core.ApplicationContext.log Manager: list: Listing contexts for virtual host 'localhost'
24-Oct-2015 20:52:48.445 INFO [http-nio-8080-exec-674] org.apache.catalina.core.ApplicationContext.log Manager: list: Listing contexts for virtual host 'localhost'
24-Oct-2015 20:52:48.458 INFO [http-nio-8080-exec-687] org.apache.catalina.core.ApplicationContext.log Manager: undeploy: Undeploying web application at '/DVDLibraryV4'
24-Oct-2015 20:52:59.886 INFO [http-nio-8080-exec-687] org.apache.catalina.core.ApplicationContext.log Manager: list: Listing contexts for virtual host 'localhost'
24-Oct-2015 20:52:59.890 INFO [http-nio-8080-exec-690] org.apache.catalina.core.ApplicationContext.log Manager: list: Listing contexts for virtual host 'localhost'
24-Oct-2015 20:52:59.899 INFO [http-nio-8080-exec-691] org.apache.catalina.core.ApplicationContext.log Manager: install: Installing context configuration at 'file:/tmp/context4114427255359117124.xml'
24-Oct-2015 20:53:01.064 INFO [http-nio-8080-exec-679] org.apache.catalina.core.ApplicationContext.log Manager: start: Starting web application '/DVDLibraryV4'
24-Oct-2015 20:56:37.179 INFO [http-nio-8080-exec-695] org.apache.catalina.core.ApplicationContext.log Manager: list: Listing contexts for virtual host 'localhost'
24-Oct-2015 20:57:09.888 INFO [http-nio-8080-exec-695] org.apache.catalina.core.ApplicationContext.log Manager: list: Listing contexts for virtual host 'localhost'
24-Oct-2015 20:57:17.972 INFO [http-nio-8080-exec-691] org.apache.catalina.core.ApplicationContext.log Manager: list: Listing contexts for virtual host 'localhost'
24-Oct-2015 20:57:18.022 INFO [http-nio-8080-exec-699] org.apache.catalina.core.ApplicationContext.log Manager: undeploy: Undeploying web application at '/DVDLibraryV4'
24-Oct-2015 20:57:29.410 INFO [http-nio-8080-exec-700] org.apache.catalina.core.ApplicationContext.log Manager: list: Listing contexts for virtual host 'localhost'
24-Oct-2015 20:57:29.412 INFO [http-nio-8080-exec-701] org.apache.catalina.core.ApplicationContext.log Manager: list: Listing contexts for virtual host 'localhost'
24-Oct-2015 20:57:29.423 INFO [http-nio-8080-exec-702] org.apache.catalina.core.ApplicationContext.log Manager: install: Installing context configuration at 'file:/tmp/context2057249823597372201.xml'
24-Oct-2015 20:57:33.101 INFO [http-nio-8080-exec-690] org.apache.catalina.core.ApplicationContext.log Manager: start: Starting web application '/DVDLibraryV4'
24-Oct-2015 21:03:54.919 INFO [http-nio-8080-exec-706] org.apache.catalina.core.ApplicationContext.log Manager: list: Listing contexts for virtual host 'localhost'
24-Oct-2015 21:04:59.751 INFO [http-nio-8080-exec-706] org.apache.catalina.core.ApplicationContext.log Manager: list: Listing contexts for virtual host 'localhost'
24-Oct-2015 21:05:08.272 INFO [http-nio-8080-exec-705] org.apache.catalina.core.ApplicationContext.log Manager: list: Listing contexts for virtual host 'localhost'
24-Oct-2015 21:08:20.382 INFO [http-nio-8080-exec-706] org.apache.catalina.core.ApplicationContext.log Manager: list: Listing contexts for virtual host 'localhost'
24-Oct-2015 21:08:59.284 INFO [http-nio-8080-exec-706] org.apache.catalina.core.ApplicationContext.log Manager: list: Listing contexts for virtual host 'localhost'
24-Oct-2015 21:09:42.766 INFO [http-nio-8080-exec-708] org.apache.catalina.core.ApplicationContext.log Manager: list: Listing contexts for virtual host 'localhost'
24-Oct-2015 21:09:42.797 INFO [http-nio-8080-exec-701] org.apache.catalina.core.ApplicationContext.log Manager: undeploy: Undeploying web application at '/DVDLibraryV4'
24-Oct-2015 21:09:52.595 INFO [http-nio-8080-exec-704] org.apache.catalina.core.ApplicationContext.log Manager: list: Listing contexts for virtual host 'localhost'
24-Oct-2015 21:09:52.604 INFO [http-nio-8080-exec-711] org.apache.catalina.core.ApplicationContext.log Manager: list: Listing contexts for virtual host 'localhost'
24-Oct-2015 21:09:52.621 INFO [http-nio-8080-exec-705] org.apache.catalina.core.ApplicationContext.log Manager: install: Installing context configuration at 'file:/tmp/context3299322550739647317.xml'
24-Oct-2015 21:09:53.904 INFO [http-nio-8080-exec-702] org.apache.catalina.core.ApplicationContext.log Manager: start: Starting web application '/DVDLibraryV4'
24-Oct-2015 21:10:29.337 INFO [http-nio-8080-exec-703] org.apache.catalina.core.ApplicationContext.log Manager: list: Listing contexts for virtual host 'localhost'
24-Oct-2015 21:10:32.886 INFO [http-nio-8080-exec-710] org.apache.catalina.core.ApplicationContext.log Manager: list: Listing contexts for virtual host 'localhost'
24-Oct-2015 21:10:32.903 INFO [http-nio-8080-exec-711] org.apache.catalina.core.ApplicationContext.log Manager: undeploy: Undeploying web application at '/DVDLibraryV4'
24-Oct-2015 21:10:42.052 INFO [http-nio-8080-exec-711] org.apache.catalina.core.ApplicationContext.log Manager: list: Listing contexts for virtual host 'localhost'
24-Oct-2015 21:10:42.056 INFO [http-nio-8080-exec-718] org.apache.catalina.core.ApplicationContext.log Manager: list: Listing contexts for virtual host 'localhost'
24-Oct-2015 21:10:42.069 INFO [http-nio-8080-exec-719] org.apache.catalina.core.ApplicationContext.log Manager: install: Installing context configuration at 'file:/tmp/context8560391226931294841.xml'
24-Oct-2015 21:10:43.280 INFO [http-nio-8080-exec-717] org.apache.catalina.core.ApplicationContext.log Manager: start: Starting web application '/DVDLibraryV4'
24-Oct-2015 21:13:03.648 INFO [http-nio-8080-exec-724] org.apache.catalina.core.ApplicationContext.log Manager: list: Listing contexts for virtual host 'localhost'
24-Oct-2015 21:13:19.040 INFO [http-nio-8080-exec-722] org.apache.catalina.core.ApplicationContext.log Manager: list: Listing contexts for virtual host 'localhost'
24-Oct-2015 21:13:19.055 INFO [http-nio-8080-exec-725] org.apache.catalina.core.ApplicationContext.log Manager: list: Listing contexts for virtual host 'localhost'
24-Oct-2015 21:13:19.064 INFO [http-nio-8080-exec-726] org.apache.catalina.core.ApplicationContext.log Manager: undeploy: Undeploying web application at '/DVDLibraryV4'
24-Oct-2015 21:13:19.589 INFO [http-nio-8080-exec-721] org.apache.catalina.core.ApplicationContext.log Manager: install: Installing context configuration at 'file:/tmp/context8097311199201470736.xml'
24-Oct-2015 21:13:20.739 INFO [http-nio-8080-exec-722] org.apache.catalina.core.ApplicationContext.log Manager: start: Starting web application '/DVDLibraryV4'
24-Oct-2015 21:16:51.610 INFO [http-nio-8080-exec-727] org.apache.catalina.core.ApplicationContext.log Manager: list: Listing contexts for virtual host 'localhost'
24-Oct-2015 21:17:02.446 INFO [http-nio-8080-exec-734] org.apache.catalina.core.ApplicationContext.log Manager: list: Listing contexts for virtual host 'localhost'
24-Oct-2015 21:17:02.463 INFO [http-nio-8080-exec-723] org.apache.catalina.core.ApplicationContext.log Manager: undeploy: Undeploying web application at '/DVDLibraryV4'
24-Oct-2015 21:17:11.987 INFO [http-nio-8080-exec-735] org.apache.catalina.core.ApplicationContext.log Manager: list: Listing contexts for virtual host 'localhost'
24-Oct-2015 21:17:11.992 INFO [http-nio-8080-exec-729] org.apache.catalina.core.ApplicationContext.log Manager: list: Listing contexts for virtual host 'localhost'
24-Oct-2015 21:17:12.009 INFO [http-nio-8080-exec-736] org.apache.catalina.core.ApplicationContext.log Manager: install: Installing context configuration at 'file:/tmp/context7519615207496718741.xml'
24-Oct-2015 21:17:13.282 INFO [http-nio-8080-exec-731] org.apache.catalina.core.ApplicationContext.log Manager: start: Starting web application '/DVDLibraryV4'
24-Oct-2015 21:22:26.976 INFO [http-nio-8080-exec-741] org.apache.catalina.core.ApplicationContext.log Manager: list: Listing contexts for virtual host 'localhost'
24-Oct-2015 21:22:27.006 INFO [http-nio-8080-exec-742] org.apache.catalina.core.ApplicationContext.log Manager: restart: Reloading web application '/DVDLibraryV4'
24-Oct-2015 21:22:31.668 INFO [http-nio-8080-exec-743] org.apache.catalina.core.ApplicationContext.log Manager: list: Listing contexts for virtual host 'localhost'
24-Oct-2015 21:22:31.678 INFO [http-nio-8080-exec-735] org.apache.catalina.core.ApplicationContext.log Manager: undeploy: Undeploying web application at '/DVDLibraryV4'
24-Oct-2015 21:22:41.635 INFO [http-nio-8080-exec-735] org.apache.catalina.core.ApplicationContext.log Manager: list: Listing contexts for virtual host 'localhost'
24-Oct-2015 21:22:41.638 INFO [http-nio-8080-exec-747] org.apache.catalina.core.ApplicationContext.log Manager: list: Listing contexts for virtual host 'localhost'
24-Oct-2015 21:22:41.648 INFO [http-nio-8080-exec-744] org.apache.catalina.core.ApplicationContext.log Manager: install: Installing context configuration at 'file:/tmp/context8085831237378196883.xml'
24-Oct-2015 21:22:42.760 INFO [http-nio-8080-exec-738] org.apache.catalina.core.ApplicationContext.log Manager: start: Starting web application '/DVDLibraryV4'
24-Oct-2015 21:25:35.283 INFO [http-nio-8080-exec-753] org.apache.catalina.core.ApplicationContext.log Manager: list: Listing contexts for virtual host 'localhost'
24-Oct-2015 21:25:41.391 INFO [http-nio-8080-exec-753] org.apache.catalina.core.ApplicationContext.log Manager: list: Listing contexts for virtual host 'localhost'
24-Oct-2015 21:25:41.403 INFO [http-nio-8080-exec-739] org.apache.catalina.core.ApplicationContext.log Manager: undeploy: Undeploying web application at '/DVDLibraryV4'
24-Oct-2015 21:25:43.081 INFO [http-nio-8080-exec-749] org.apache.catalina.core.ApplicationContext.log Manager: list: Listing contexts for virtual host 'localhost'
24-Oct-2015 21:25:53.865 INFO [http-nio-8080-exec-752] org.apache.catalina.core.ApplicationContext.log Manager: list: Listing contexts for virtual host 'localhost'
24-Oct-2015 21:25:53.869 INFO [http-nio-8080-exec-757] org.apache.catalina.core.ApplicationContext.log Manager: list: Listing contexts for virtual host 'localhost'
24-Oct-2015 21:25:53.877 INFO [http-nio-8080-exec-753] org.apache.catalina.core.ApplicationContext.log Manager: install: Installing context configuration at 'file:/tmp/context9205201298702117936.xml'
24-Oct-2015 21:25:55.052 INFO [http-nio-8080-exec-758] org.apache.catalina.core.ApplicationContext.log Manager: start: Starting web application '/DVDLibraryV4'
24-Oct-2015 21:26:55.878 INFO [http-nio-8080-exec-755] org.apache.catalina.core.ApplicationContext.log Manager: list: Listing contexts for virtual host 'localhost'
24-Oct-2015 21:26:59.081 INFO [http-nio-8080-exec-756] org.apache.catalina.core.ApplicationContext.log Manager: list: Listing contexts for virtual host 'localhost'
24-Oct-2015 21:26:59.090 INFO [http-nio-8080-exec-759] org.apache.catalina.core.ApplicationContext.log Manager: undeploy: Undeploying web application at '/DVDLibraryV4'
24-Oct-2015 21:27:08.970 INFO [http-nio-8080-exec-759] org.apache.catalina.core.ApplicationContext.log Manager: list: Listing contexts for virtual host 'localhost'
24-Oct-2015 21:27:08.976 INFO [http-nio-8080-exec-764] org.apache.catalina.core.ApplicationContext.log Manager: list: Listing contexts for virtual host 'localhost'
24-Oct-2015 21:27:08.993 INFO [http-nio-8080-exec-752] org.apache.catalina.core.ApplicationContext.log Manager: install: Installing context configuration at 'file:/tmp/context2539787712389111031.xml'
24-Oct-2015 21:27:10.229 INFO [http-nio-8080-exec-765] org.apache.catalina.core.ApplicationContext.log Manager: start: Starting web application '/DVDLibraryV4'
24-Oct-2015 21:29:54.599 INFO [http-nio-8080-exec-772] org.apache.catalina.core.ApplicationContext.log Manager: list: Listing contexts for virtual host 'localhost'
24-Oct-2015 21:29:54.618 INFO [http-nio-8080-exec-769] org.apache.catalina.core.ApplicationContext.log Manager: restart: Reloading web application '/DVDLibraryV4'
24-Oct-2015 21:30:08.883 INFO [http-nio-8080-exec-766] org.apache.catalina.core.ApplicationContext.log Manager: list: Listing contexts for virtual host 'localhost'
24-Oct-2015 21:30:08.890 INFO [http-nio-8080-exec-771] org.apache.catalina.core.ApplicationContext.log Manager: undeploy: Undeploying web application at '/DVDLibraryV4'
24-Oct-2015 21:30:18.632 INFO [http-nio-8080-exec-770] org.apache.catalina.core.ApplicationContext.log Manager: list: Listing contexts for virtual host 'localhost'
24-Oct-2015 21:30:18.638 INFO [http-nio-8080-exec-774] org.apache.catalina.core.ApplicationContext.log Manager: list: Listing contexts for virtual host 'localhost'
24-Oct-2015 21:30:18.665 INFO [http-nio-8080-exec-777] org.apache.catalina.core.ApplicationContext.log Manager: install: Installing context configuration at 'file:/tmp/context1295612118845472359.xml'
24-Oct-2015 21:30:19.874 INFO [http-nio-8080-exec-768] org.apache.catalina.core.ApplicationContext.log Manager: start: Starting web application '/DVDLibraryV4'
24-Oct-2015 21:31:54.386 INFO [http-nio-8080-exec-780] org.apache.catalina.core.ApplicationContext.log Manager: list: Listing contexts for virtual host 'localhost'
24-Oct-2015 21:32:57.579 INFO [http-nio-8080-exec-777] org.apache.catalina.core.ApplicationContext.log Manager: list: Listing contexts for virtual host 'localhost'
24-Oct-2015 21:33:02.586 INFO [http-nio-8080-exec-781] org.apache.catalina.core.ApplicationContext.log Manager: list: Listing contexts for virtual host 'localhost'
24-Oct-2015 21:33:02.598 INFO [http-nio-8080-exec-782] org.apache.catalina.core.ApplicationContext.log Manager: undeploy: Undeploying web application at '/DVDLibraryV4'
24-Oct-2015 21:33:11.667 INFO [http-nio-8080-exec-787] org.apache.catalina.core.ApplicationContext.log Manager: list: Listing contexts for virtual host 'localhost'
24-Oct-2015 21:33:11.672 INFO [http-nio-8080-exec-788] org.apache.catalina.core.ApplicationContext.log Manager: list: Listing contexts for virtual host 'localhost'
24-Oct-2015 21:33:11.684 INFO [http-nio-8080-exec-777] org.apache.catalina.core.ApplicationContext.log Manager: install: Installing context configuration at 'file:/tmp/context4402818879322592246.xml'
24-Oct-2015 21:33:13.533 INFO [http-nio-8080-exec-779] org.apache.catalina.core.ApplicationContext.log Manager: start: Starting web application '/DVDLibraryV4'
24-Oct-2015 21:35:44.539 INFO [http-nio-8080-exec-790] org.apache.catalina.core.ApplicationContext.log Manager: list: Listing contexts for virtual host 'localhost'
24-Oct-2015 21:35:44.562 INFO [http-nio-8080-exec-788] org.apache.catalina.core.ApplicationContext.log Manager: restart: Reloading web application '/DVDLibraryV4'
24-Oct-2015 21:37:38.484 INFO [http-nio-8080-exec-796] org.apache.catalina.core.ApplicationContext.log Manager: list: Listing contexts for virtual host 'localhost'
24-Oct-2015 21:37:38.504 INFO [http-nio-8080-exec-799] org.apache.catalina.core.ApplicationContext.log Manager: restart: Reloading web application '/DVDLibraryV4'
24-Oct-2015 21:39:19.892 INFO [http-nio-8080-exec-796] org.apache.catalina.core.ApplicationContext.log Manager: list: Listing contexts for virtual host 'localhost'
24-Oct-2015 21:39:19.902 INFO [http-nio-8080-exec-804] org.apache.catalina.core.ApplicationContext.log Manager: restart: Reloading web application '/DVDLibraryV4'
24-Oct-2015 21:39:37.449 INFO [http-nio-8080-exec-807] org.apache.catalina.core.ApplicationContext.log Manager: list: Listing contexts for virtual host 'localhost'
24-Oct-2015 21:39:50.285 INFO [http-nio-8080-exec-810] org.apache.catalina.core.ApplicationContext.log Manager: list: Listing contexts for virtual host 'localhost'
24-Oct-2015 21:40:06.931 INFO [http-nio-8080-exec-807] org.apache.catalina.core.ApplicationContext.log Manager: list: Listing contexts for virtual host 'localhost'
24-Oct-2015 21:40:06.952 INFO [http-nio-8080-exec-797] org.apache.catalina.core.ApplicationContext.log Manager: undeploy: Undeploying web application at '/DVDLibraryV4'
24-Oct-2015 21:40:16.963 INFO [http-nio-8080-exec-797] org.apache.catalina.core.ApplicationContext.log Manager: list: Listing contexts for virtual host 'localhost'
24-Oct-2015 21:40:16.967 INFO [http-nio-8080-exec-814] org.apache.catalina.core.ApplicationContext.log Manager: list: Listing contexts for virtual host 'localhost'
24-Oct-2015 21:40:16.977 INFO [http-nio-8080-exec-812] org.apache.catalina.core.ApplicationContext.log Manager: install: Installing context configuration at 'file:/tmp/context436143366247503581.xml'
24-Oct-2015 21:40:18.139 INFO [http-nio-8080-exec-807] org.apache.catalina.core.ApplicationContext.log Manager: start: Starting web application '/DVDLibraryV4'
24-Oct-2015 21:44:00.782 INFO [http-nio-8080-exec-814] org.apache.catalina.core.ApplicationContext.log Manager: list: Listing contexts for virtual host 'localhost'
24-Oct-2015 21:44:08.091 INFO [http-nio-8080-exec-823] org.apache.catalina.core.ApplicationContext.log Manager: list: Listing contexts for virtual host 'localhost'
24-Oct-2015 21:44:08.107 INFO [http-nio-8080-exec-815] org.apache.catalina.core.ApplicationContext.log Manager: undeploy: Undeploying web application at '/DVDLibraryV4'
24-Oct-2015 21:44:17.115 INFO [http-nio-8080-exec-824] org.apache.catalina.core.ApplicationContext.log Manager: list: Listing contexts for virtual host 'localhost'
24-Oct-2015 21:44:17.119 INFO [http-nio-8080-exec-826] org.apache.catalina.core.ApplicationContext.log Manager: list: Listing contexts for virtual host 'localhost'
24-Oct-2015 21:44:17.133 INFO [http-nio-8080-exec-827] org.apache.catalina.core.ApplicationContext.log Manager: install: Installing context configuration at 'file:/tmp/context5859805495144769250.xml'
24-Oct-2015 21:44:18.352 INFO [http-nio-8080-exec-814] org.apache.catalina.core.ApplicationContext.log Manager: start: Starting web application '/DVDLibraryV4'
24-Oct-2015 21:45:01.024 INFO [http-nio-8080-exec-817] org.apache.catalina.core.ApplicationContext.log Manager: list: Listing contexts for virtual host 'localhost'
24-Oct-2015 21:46:25.010 INFO [http-nio-8080-exec-831] org.apache.catalina.core.ApplicationContext.log Manager: list: Listing contexts for virtual host 'localhost'
24-Oct-2015 21:46:26.724 INFO [http-nio-8080-exec-826] org.apache.catalina.core.ApplicationContext.log Manager: list: Listing contexts for virtual host 'localhost'
24-Oct-2015 21:46:39.423 INFO [http-nio-8080-exec-832] org.apache.catalina.core.ApplicationContext.log Manager: list: Listing contexts for virtual host 'localhost'
24-Oct-2015 21:46:39.435 INFO [http-nio-8080-exec-827] org.apache.catalina.core.ApplicationContext.log Manager: undeploy: Undeploying web application at '/DVDLibraryV4'
24-Oct-2015 21:46:49.031 INFO [http-nio-8080-exec-828] org.apache.catalina.core.ApplicationContext.log Manager: list: Listing contexts for virtual host 'localhost'
24-Oct-2015 21:46:49.036 INFO [http-nio-8080-exec-835] org.apache.catalina.core.ApplicationContext.log Manager: list: Listing contexts for virtual host 'localhost'
24-Oct-2015 21:46:49.046 INFO [http-nio-8080-exec-831] org.apache.catalina.core.ApplicationContext.log Manager: install: Installing context configuration at 'file:/tmp/context3361019684965430523.xml'
24-Oct-2015 21:46:50.228 INFO [http-nio-8080-exec-825] org.apache.catalina.core.ApplicationContext.log Manager: start: Starting web application '/DVDLibraryV4'
24-Oct-2015 21:48:30.140 INFO [http-nio-8080-exec-838] org.apache.catalina.core.ApplicationContext.log Manager: list: Listing contexts for virtual host 'localhost'
24-Oct-2015 21:48:33.362 INFO [http-nio-8080-exec-839] org.apache.catalina.core.ApplicationContext.log Manager: list: Listing contexts for virtual host 'localhost'
24-Oct-2015 21:48:33.374 INFO [http-nio-8080-exec-834] org.apache.catalina.core.ApplicationContext.log Manager: undeploy: Undeploying web application at '/DVDLibraryV4'
24-Oct-2015 21:48:47.717 INFO [http-nio-8080-exec-834] org.apache.catalina.core.ApplicationContext.log Manager: list: Listing contexts for virtual host 'localhost'
24-Oct-2015 21:48:47.723 INFO [http-nio-8080-exec-843] org.apache.catalina.core.ApplicationContext.log Manager: list: Listing contexts for virtual host 'localhost'
24-Oct-2015 21:48:47.734 INFO [http-nio-8080-exec-844] org.apache.catalina.core.ApplicationContext.log Manager: install: Installing context configuration at 'file:/tmp/context3026976513395603701.xml'
24-Oct-2015 21:48:49.241 INFO [http-nio-8080-exec-836] org.apache.catalina.core.ApplicationContext.log Manager: start: Starting web application '/DVDLibraryV4'
