26-Oct-2015 09:39:13.544 INFO [http-nio-8080-exec-936] org.apache.catalina.core.ApplicationContext.log Manager: list: Listing contexts for virtual host 'localhost'
26-Oct-2015 09:39:19.297 INFO [http-nio-8080-exec-935] org.apache.catalina.core.ApplicationContext.log Manager: list: Listing contexts for virtual host 'localhost'
26-Oct-2015 09:39:19.314 INFO [http-nio-8080-exec-930] org.apache.catalina.core.ApplicationContext.log Manager: undeploy: Undeploying web application at '/VendingMachineV2'
26-Oct-2015 09:39:19.693 INFO [http-nio-8080-exec-937] org.apache.catalina.core.ApplicationContext.log Manager: list: Listing contexts for virtual host 'localhost'
26-Oct-2015 09:39:19.834 INFO [http-nio-8080-exec-938] org.apache.catalina.core.ApplicationContext.log Manager: restart: Reloading web application '/VendingMachineV2'
26-Oct-2015 09:39:27.257 INFO [http-nio-8080-exec-936] org.apache.catalina.core.ApplicationContext.log Manager: list: Listing contexts for virtual host 'localhost'
26-Oct-2015 09:39:27.262 INFO [http-nio-8080-exec-933] org.apache.catalina.core.ApplicationContext.log Manager: list: Listing contexts for virtual host 'localhost'
26-Oct-2015 09:39:27.275 INFO [http-nio-8080-exec-941] org.apache.catalina.core.ApplicationContext.log Manager: install: Installing context configuration at 'file:/tmp/context5920673624408576379.xml'
26-Oct-2015 09:39:28.583 INFO [http-nio-8080-exec-940] org.apache.catalina.core.ApplicationContext.log Manager: start: Starting web application '/VendingMachineV2'
26-Oct-2015 10:00:25.733 INFO [http-nio-8080-exec-9] org.apache.catalina.core.ApplicationContext.log Manager: init: Associated with Deployer 'Catalina:type=Deployer,host=localhost'
26-Oct-2015 10:00:25.734 INFO [http-nio-8080-exec-9] org.apache.catalina.core.ApplicationContext.log Manager: init: Global resources are available
26-Oct-2015 10:00:25.734 INFO [http-nio-8080-exec-9] org.apache.catalina.core.ApplicationContext.log Manager: list: Listing contexts for virtual host 'localhost'
26-Oct-2015 10:00:25.738 INFO [http-nio-8080-exec-1] org.apache.catalina.core.ApplicationContext.log Manager: list: Listing contexts for virtual host 'localhost'
26-Oct-2015 10:00:25.749 INFO [http-nio-8080-exec-5] org.apache.catalina.core.ApplicationContext.log Manager: undeploy: Undeploying web application at '/VendingMachineV2'
26-Oct-2015 10:00:26.282 INFO [http-nio-8080-exec-6] org.apache.catalina.core.ApplicationContext.log Manager: install: Installing context configuration at 'file:/tmp/context27236471859484157.xml'
26-Oct-2015 10:00:28.087 INFO [http-nio-8080-exec-1] org.apache.catalina.core.ApplicationContext.log Manager: start: Starting web application '/VendingMachineV2'
26-Oct-2015 10:00:39.380 INFO [http-nio-8080-exec-8] org.apache.catalina.core.ApplicationContext.log Manager: list: Listing contexts for virtual host 'localhost'
26-Oct-2015 10:00:39.388 INFO [http-nio-8080-exec-7] org.apache.catalina.core.ApplicationContext.log Manager: undeploy: Undeploying web application at '/VendingMachineV2'
26-Oct-2015 10:00:50.486 INFO [http-nio-8080-exec-16] org.apache.catalina.core.ApplicationContext.log Manager: list: Listing contexts for virtual host 'localhost'
26-Oct-2015 10:00:50.497 INFO [http-nio-8080-exec-17] org.apache.catalina.core.ApplicationContext.log Manager: list: Listing contexts for virtual host 'localhost'
26-Oct-2015 10:00:50.515 INFO [http-nio-8080-exec-7] org.apache.catalina.core.ApplicationContext.log Manager: install: Installing context configuration at 'file:/tmp/context6458540586755971249.xml'
26-Oct-2015 10:00:51.977 INFO [http-nio-8080-exec-10] org.apache.catalina.core.ApplicationContext.log Manager: start: Starting web application '/VendingMachineV2'
26-Oct-2015 10:56:59.519 INFO [http-nio-8080-exec-22] org.apache.catalina.core.ApplicationContext.log Manager: list: Listing contexts for virtual host 'localhost'
26-Oct-2015 10:56:59.542 INFO [http-nio-8080-exec-23] org.apache.catalina.core.ApplicationContext.log Manager: restart: Reloading web application '/'
26-Oct-2015 13:45:02.576 INFO [http-nio-8080-exec-31] org.apache.catalina.core.ApplicationContext.log Manager: list: Listing contexts for virtual host 'localhost'
26-Oct-2015 13:45:04.972 INFO [http-nio-8080-exec-26] org.apache.catalina.core.ApplicationContext.log Manager: list: Listing contexts for virtual host 'localhost'
26-Oct-2015 13:45:05.001 INFO [http-nio-8080-exec-27] org.apache.catalina.core.ApplicationContext.log Manager: restart: Reloading web application '/VendingMachineV2'
26-Oct-2015 13:45:34.089 INFO [http-nio-8080-exec-32] org.apache.catalina.core.ApplicationContext.log Manager: list: Listing contexts for virtual host 'localhost'
26-Oct-2015 13:45:34.106 INFO [http-nio-8080-exec-34] org.apache.catalina.core.ApplicationContext.log Manager: restart: Reloading web application '/'
26-Oct-2015 13:49:58.580 INFO [http-nio-8080-exec-45] org.apache.catalina.core.ApplicationContext.log Manager: list: Listing contexts for virtual host 'localhost'
26-Oct-2015 13:49:58.594 INFO [http-nio-8080-exec-35] org.apache.catalina.core.ApplicationContext.log Manager: restart: Reloading web application '/'
26-Oct-2015 13:50:42.325 INFO [http-nio-8080-exec-47] org.apache.catalina.core.ApplicationContext.log Manager: list: Listing contexts for virtual host 'localhost'
26-Oct-2015 13:50:42.336 INFO [http-nio-8080-exec-40] org.apache.catalina.core.ApplicationContext.log Manager: restart: Reloading web application '/'
26-Oct-2015 13:51:55.317 INFO [http-nio-8080-exec-41] org.apache.catalina.core.ApplicationContext.log Manager: list: Listing contexts for virtual host 'localhost'
26-Oct-2015 13:51:55.327 INFO [http-nio-8080-exec-52] org.apache.catalina.core.ApplicationContext.log Manager: restart: Reloading web application '/'
26-Oct-2015 13:56:03.830 INFO [http-nio-8080-exec-61] org.apache.catalina.core.ApplicationContext.log Manager: list: Listing contexts for virtual host 'localhost'
26-Oct-2015 13:56:03.843 INFO [http-nio-8080-exec-53] org.apache.catalina.core.ApplicationContext.log Manager: restart: Reloading web application '/'
26-Oct-2015 13:56:48.551 INFO [http-nio-8080-exec-63] org.apache.catalina.core.ApplicationContext.log Manager: list: Listing contexts for virtual host 'localhost'
26-Oct-2015 13:56:48.590 INFO [http-nio-8080-exec-57] org.apache.catalina.core.ApplicationContext.log Manager: restart: Reloading web application '/'
26-Oct-2015 14:19:47.250 INFO [http-nio-8080-exec-72] org.apache.catalina.core.ApplicationContext.log Manager: list: Listing contexts for virtual host 'localhost'
26-Oct-2015 14:19:47.257 INFO [http-nio-8080-exec-73] org.apache.catalina.core.ApplicationContext.log Manager: restart: Reloading web application '/'
26-Oct-2015 14:23:55.030 INFO [http-nio-8080-exec-80] org.apache.catalina.core.ApplicationContext.log Manager: list: Listing contexts for virtual host 'localhost'
26-Oct-2015 14:23:55.040 INFO [http-nio-8080-exec-81] org.apache.catalina.core.ApplicationContext.log Manager: undeploy: Undeploying web application at '/'
26-Oct-2015 14:24:06.867 INFO [http-nio-8080-exec-84] org.apache.catalina.core.ApplicationContext.log Manager: list: Listing contexts for virtual host 'localhost'
26-Oct-2015 14:24:06.878 INFO [http-nio-8080-exec-85] org.apache.catalina.core.ApplicationContext.log Manager: list: Listing contexts for virtual host 'localhost'
26-Oct-2015 14:24:06.893 INFO [http-nio-8080-exec-86] org.apache.catalina.core.ApplicationContext.log Manager: install: Installing context configuration at 'file:/tmp/context6521195986338382249.xml'
26-Oct-2015 14:24:08.103 INFO [100] org.apache.catalina.core.ApplicationContext.log Manager: start: Starting web application '/'
26-Oct-2015 14:35:33.563 INFO [http-nio-8080-exec-89] org.apache.catalina.core.ApplicationContext.log Manager: list: Listing contexts for virtual host 'localhost'
26-Oct-2015 14:35:33.584 INFO [http-nio-8080-exec-90] org.apache.catalina.core.ApplicationContext.log Manager: undeploy: Undeploying web application at '/'
26-Oct-2015 14:35:45.935 INFO [http-nio-8080-exec-94] org.apache.catalina.core.ApplicationContext.log Manager: list: Listing contexts for virtual host 'localhost'
26-Oct-2015 14:35:45.943 INFO [http-nio-8080-exec-95] org.apache.catalina.core.ApplicationContext.log Manager: list: Listing contexts for virtual host 'localhost'
26-Oct-2015 14:35:45.955 INFO [http-nio-8080-exec-96] org.apache.catalina.core.ApplicationContext.log Manager: install: Installing context configuration at 'file:/tmp/context2548271017178976516.xml'
26-Oct-2015 14:35:47.276 INFO [http-nio-8080-exec-85] org.apache.catalina.core.ApplicationContext.log Manager: start: Starting web application '/'
26-Oct-2015 14:36:50.566 INFO [http-nio-8080-exec-98] org.apache.catalina.core.ApplicationContext.log Manager: list: Listing contexts for virtual host 'localhost'
26-Oct-2015 14:36:50.625 INFO [http-nio-8080-exec-99] org.apache.catalina.core.ApplicationContext.log Manager: undeploy: Undeploying web application at '/'
26-Oct-2015 14:37:00.450 INFO [http-nio-8080-exec-99] org.apache.catalina.core.ApplicationContext.log Manager: list: Listing contexts for virtual host 'localhost'
26-Oct-2015 14:37:00.454 INFO [http-nio-8080-exec-103] org.apache.catalina.core.ApplicationContext.log Manager: list: Listing contexts for virtual host 'localhost'
26-Oct-2015 14:37:00.474 INFO [http-nio-8080-exec-102] org.apache.catalina.core.ApplicationContext.log Manager: install: Installing context configuration at 'file:/tmp/context1157006160983370972.xml'
26-Oct-2015 14:37:02.022 INFO [http-nio-8080-exec-98] org.apache.catalina.core.ApplicationContext.log Manager: start: Starting web application '/'
26-Oct-2015 14:44:47.821 INFO [http-nio-8080-exec-4] org.apache.catalina.core.ApplicationContext.log Manager: init: Associated with Deployer 'Catalina:type=Deployer,host=localhost'
26-Oct-2015 14:44:47.825 INFO [http-nio-8080-exec-4] org.apache.catalina.core.ApplicationContext.log Manager: init: Global resources are available
26-Oct-2015 14:44:47.826 INFO [http-nio-8080-exec-4] org.apache.catalina.core.ApplicationContext.log Manager: list: Listing contexts for virtual host 'localhost'
26-Oct-2015 14:44:47.834 INFO [http-nio-8080-exec-6] org.apache.catalina.core.ApplicationContext.log Manager: list: Listing contexts for virtual host 'localhost'
26-Oct-2015 14:44:47.871 INFO [http-nio-8080-exec-8] org.apache.catalina.core.ApplicationContext.log Manager: undeploy: Undeploying web application at '/VendingMachineV2'
26-Oct-2015 14:44:48.446 INFO [http-nio-8080-exec-4] org.apache.catalina.core.ApplicationContext.log Manager: install: Installing context configuration at 'file:/tmp/context1041922815049104183.xml'
26-Oct-2015 14:44:49.912 INFO [http-nio-8080-exec-5] org.apache.catalina.core.ApplicationContext.log Manager: start: Starting web application '/VendingMachineV2'
26-Oct-2015 14:47:13.555 INFO [http-nio-8080-exec-17] org.apache.catalina.core.ApplicationContext.log Manager: list: Listing contexts for virtual host 'localhost'
26-Oct-2015 14:47:13.576 INFO [http-nio-8080-exec-18] org.apache.catalina.core.ApplicationContext.log Manager: restart: Reloading web application '/VendingMachineV2'
26-Oct-2015 14:48:12.763 INFO [http-nio-8080-exec-18] org.apache.catalina.core.ApplicationContext.log Manager: list: Listing contexts for virtual host 'localhost'
26-Oct-2015 14:48:12.829 INFO [http-nio-8080-exec-19] org.apache.catalina.core.ApplicationContext.log Manager: restart: Reloading web application '/VendingMachineV2'
26-Oct-2015 14:48:20.256 INFO [http-nio-8080-exec-19] org.apache.catalina.core.ApplicationContext.log Manager: list: Listing contexts for virtual host 'localhost'
26-Oct-2015 14:48:20.277 INFO [http-nio-8080-exec-22] org.apache.catalina.core.ApplicationContext.log Manager: restart: Reloading web application '/VendingMachineV2'
26-Oct-2015 14:51:10.345 INFO [http-nio-8080-exec-21] org.apache.catalina.core.ApplicationContext.log Manager: list: Listing contexts for virtual host 'localhost'
26-Oct-2015 14:51:10.360 INFO [http-nio-8080-exec-28] org.apache.catalina.core.ApplicationContext.log Manager: restart: Reloading web application '/VendingMachineV2'
26-Oct-2015 14:51:24.297 INFO [http-nio-8080-exec-31] org.apache.catalina.core.ApplicationContext.log Manager: list: Listing contexts for virtual host 'localhost'
26-Oct-2015 14:51:24.316 INFO [http-nio-8080-exec-23] org.apache.catalina.core.ApplicationContext.log Manager: restart: Reloading web application '/VendingMachineV2'
26-Oct-2015 14:51:27.201 INFO [http-nio-8080-exec-26] org.apache.catalina.core.ApplicationContext.log Manager: list: Listing contexts for virtual host 'localhost'
26-Oct-2015 14:51:27.235 INFO [http-nio-8080-exec-14] org.apache.catalina.core.ApplicationContext.log Manager: restart: Reloading web application '/VendingMachineV2'
26-Oct-2015 14:52:02.561 INFO [http-nio-8080-exec-36] org.apache.catalina.core.ApplicationContext.log Manager: list: Listing contexts for virtual host 'localhost'
26-Oct-2015 14:52:02.579 INFO [http-nio-8080-exec-30] org.apache.catalina.core.ApplicationContext.log Manager: restart: Reloading web application '/VendingMachineV2'
26-Oct-2015 14:52:29.621 INFO [http-nio-8080-exec-39] org.apache.catalina.core.ApplicationContext.log Manager: list: Listing contexts for virtual host 'localhost'
26-Oct-2015 14:53:47.216 INFO [http-nio-8080-exec-32] org.apache.catalina.core.ApplicationContext.log Manager: list: Listing contexts for virtual host 'localhost'
26-Oct-2015 14:53:56.672 INFO [http-nio-8080-exec-36] org.apache.catalina.core.ApplicationContext.log Manager: list: Listing contexts for virtual host 'localhost'
26-Oct-2015 14:54:07.061 INFO [http-nio-8080-exec-40] org.apache.catalina.core.ApplicationContext.log Manager: list: Listing contexts for virtual host 'localhost'
26-Oct-2015 14:54:07.069 INFO [http-nio-8080-exec-42] org.apache.catalina.core.ApplicationContext.log Manager: undeploy: Undeploying web application at '/VendingMachineV2'
26-Oct-2015 14:54:18.057 INFO [http-nio-8080-exec-42] org.apache.catalina.core.ApplicationContext.log Manager: list: Listing contexts for virtual host 'localhost'
26-Oct-2015 14:54:18.069 INFO [http-nio-8080-exec-48] org.apache.catalina.core.ApplicationContext.log Manager: list: Listing contexts for virtual host 'localhost'
26-Oct-2015 14:54:18.094 INFO [http-nio-8080-exec-36] org.apache.catalina.core.ApplicationContext.log Manager: install: Installing context configuration at 'file:/tmp/context572158307948286731.xml'
26-Oct-2015 14:54:19.480 INFO [http-nio-8080-exec-43] org.apache.catalina.core.ApplicationContext.log Manager: start: Starting web application '/VendingMachineV2'
26-Oct-2015 14:54:26.390 INFO [http-nio-8080-exec-44] org.apache.catalina.core.ApplicationContext.log Manager: list: Listing contexts for virtual host 'localhost'
26-Oct-2015 14:54:26.396 INFO [http-nio-8080-exec-50] org.apache.catalina.core.ApplicationContext.log Manager: list: Listing contexts for virtual host 'localhost'
26-Oct-2015 14:54:26.410 INFO [http-nio-8080-exec-45] org.apache.catalina.core.ApplicationContext.log Manager: undeploy: Undeploying web application at '/VendingMachineV2'
26-Oct-2015 14:54:26.935 INFO [http-nio-8080-exec-50] org.apache.catalina.core.ApplicationContext.log Manager: install: Installing context configuration at 'file:/tmp/context1160805193633481643.xml'
26-Oct-2015 14:54:28.092 INFO [http-nio-8080-exec-48] org.apache.catalina.core.ApplicationContext.log Manager: start: Starting web application '/VendingMachineV2'
26-Oct-2015 14:57:37.152 INFO [http-nio-8080-exec-7] org.apache.catalina.core.ApplicationContext.log Manager: init: Associated with Deployer 'Catalina:type=Deployer,host=localhost'
26-Oct-2015 14:57:37.152 INFO [http-nio-8080-exec-7] org.apache.catalina.core.ApplicationContext.log Manager: init: Global resources are available
26-Oct-2015 14:57:37.153 INFO [http-nio-8080-exec-7] org.apache.catalina.core.ApplicationContext.log Manager: list: Listing contexts for virtual host 'localhost'
26-Oct-2015 14:57:37.159 INFO [http-nio-8080-exec-10] org.apache.catalina.core.ApplicationContext.log Manager: list: Listing contexts for virtual host 'localhost'
26-Oct-2015 14:57:37.190 INFO [http-nio-8080-exec-2] org.apache.catalina.core.ApplicationContext.log Manager: undeploy: Undeploying web application at '/VendingMachineV2'
26-Oct-2015 14:57:37.749 INFO [http-nio-8080-exec-5] org.apache.catalina.core.ApplicationContext.log Manager: install: Installing context configuration at 'file:/tmp/context7304158414772572693.xml'
26-Oct-2015 14:57:39.714 INFO [http-nio-8080-exec-3] org.apache.catalina.core.ApplicationContext.log Manager: start: Starting web application '/VendingMachineV2'
26-Oct-2015 15:00:36.739 INFO [http-nio-8080-exec-13] org.apache.catalina.core.ApplicationContext.log Manager: list: Listing contexts for virtual host 'localhost'
26-Oct-2015 15:00:36.744 INFO [http-nio-8080-exec-14] org.apache.catalina.core.ApplicationContext.log Manager: list: Listing contexts for virtual host 'localhost'
26-Oct-2015 15:00:36.768 INFO [http-nio-8080-exec-15] org.apache.catalina.core.ApplicationContext.log Manager: undeploy: Undeploying web application at '/VendingMachineV2'
26-Oct-2015 15:00:37.319 INFO [http-nio-8080-exec-13] org.apache.catalina.core.ApplicationContext.log Manager: install: Installing context configuration at 'file:/tmp/context5021230372463817900.xml'
26-Oct-2015 15:00:38.661 INFO [http-nio-8080-exec-17] org.apache.catalina.core.ApplicationContext.log Manager: start: Starting web application '/VendingMachineV2'
26-Oct-2015 15:07:03.264 INFO [http-nio-8080-exec-28] org.apache.catalina.core.ApplicationContext.log Manager: list: Listing contexts for virtual host 'localhost'
26-Oct-2015 15:07:03.290 INFO [http-nio-8080-exec-29] org.apache.catalina.core.ApplicationContext.log Manager: restart: Reloading web application '/VendingMachineV2'
26-Oct-2015 15:07:32.862 INFO [56] org.apache.catalina.core.ApplicationContext.log Manager: list: Listing contexts for virtual host 'localhost'
26-Oct-2015 15:07:32.873 INFO [http-nio-8080-exec-22] org.apache.catalina.core.ApplicationContext.log Manager: list: Listing contexts for virtual host 'localhost'
26-Oct-2015 15:07:32.890 INFO [http-nio-8080-exec-28] org.apache.catalina.core.ApplicationContext.log Manager: undeploy: Undeploying web application at '/VendingMachineV2'
26-Oct-2015 15:07:33.434 INFO [http-nio-8080-exec-24] org.apache.catalina.core.ApplicationContext.log Manager: install: Installing context configuration at 'file:/tmp/context7225001867066074266.xml'
26-Oct-2015 15:07:34.927 INFO [http-nio-8080-exec-33] org.apache.catalina.core.ApplicationContext.log Manager: start: Starting web application '/VendingMachineV2'
26-Oct-2015 15:11:48.687 INFO [http-nio-8080-exec-41] org.apache.catalina.core.ApplicationContext.log Manager: list: Listing contexts for virtual host 'localhost'
26-Oct-2015 15:14:22.069 INFO [http-nio-8080-exec-38] org.apache.catalina.core.ApplicationContext.log Manager: list: Listing contexts for virtual host 'localhost'
26-Oct-2015 15:14:22.088 INFO [http-nio-8080-exec-40] org.apache.catalina.core.ApplicationContext.log Manager: restart: Reloading web application '/VendingMachineV2'
26-Oct-2015 15:17:14.204 INFO [http-nio-8080-exec-49] org.apache.catalina.core.ApplicationContext.log Manager: list: Listing contexts for virtual host 'localhost'
26-Oct-2015 15:17:25.470 INFO [http-nio-8080-exec-47] org.apache.catalina.core.ApplicationContext.log Manager: list: Listing contexts for virtual host 'localhost'
26-Oct-2015 15:17:25.490 INFO [http-nio-8080-exec-48] org.apache.catalina.core.ApplicationContext.log Manager: undeploy: Undeploying web application at '/VendingMachineV2'
26-Oct-2015 15:17:32.597 INFO [http-nio-8080-exec-53] org.apache.catalina.core.ApplicationContext.log Manager: list: Listing contexts for virtual host 'localhost'
26-Oct-2015 15:17:32.609 INFO [http-nio-8080-exec-46] org.apache.catalina.core.ApplicationContext.log Manager: list: Listing contexts for virtual host 'localhost'
26-Oct-2015 15:17:32.624 INFO [http-nio-8080-exec-54] org.apache.catalina.core.ApplicationContext.log Manager: install: Installing context configuration at 'file:/tmp/context3653657938160623346.xml'
26-Oct-2015 15:17:34.430 INFO [http-nio-8080-exec-47] org.apache.catalina.core.ApplicationContext.log Manager: start: Starting web application '/VendingMachineV2'
26-Oct-2015 15:26:32.883 INFO [http-nio-8080-exec-63] org.apache.catalina.core.ApplicationContext.log Manager: list: Listing contexts for virtual host 'localhost'
26-Oct-2015 15:26:32.930 INFO [http-nio-8080-exec-54] org.apache.catalina.core.ApplicationContext.log Manager: restart: Reloading web application '/VendingMachineV2'
26-Oct-2015 15:26:55.710 INFO [http-nio-8080-exec-63] org.apache.catalina.core.ApplicationContext.log Manager: list: Listing contexts for virtual host 'localhost'
26-Oct-2015 15:26:55.743 INFO [http-nio-8080-exec-60] org.apache.catalina.core.ApplicationContext.log Manager: undeploy: Undeploying web application at '/VendingMachineV2'
26-Oct-2015 15:27:03.163 INFO [http-nio-8080-exec-65] org.apache.catalina.core.ApplicationContext.log Manager: list: Listing contexts for virtual host 'localhost'
26-Oct-2015 15:27:03.172 INFO [http-nio-8080-exec-61] org.apache.catalina.core.ApplicationContext.log Manager: list: Listing contexts for virtual host 'localhost'
26-Oct-2015 15:27:03.215 INFO [http-nio-8080-exec-56] org.apache.catalina.core.ApplicationContext.log Manager: install: Installing context configuration at 'file:/tmp/context489234240489297151.xml'
26-Oct-2015 15:27:04.463 INFO [http-nio-8080-exec-67] org.apache.catalina.core.ApplicationContext.log Manager: start: Starting web application '/VendingMachineV2'
26-Oct-2015 15:39:16.617 INFO [http-nio-8080-exec-73] org.apache.catalina.core.ApplicationContext.log Manager: list: Listing contexts for virtual host 'localhost'
26-Oct-2015 15:41:25.545 INFO [http-nio-8080-exec-69] org.apache.catalina.core.ApplicationContext.log Manager: list: Listing contexts for virtual host 'localhost'
26-Oct-2015 15:41:25.565 INFO [http-nio-8080-exec-70] org.apache.catalina.core.ApplicationContext.log Manager: undeploy: Undeploying web application at '/'
26-Oct-2015 15:41:34.932 INFO [http-nio-8080-exec-77] org.apache.catalina.core.ApplicationContext.log Manager: list: Listing contexts for virtual host 'localhost'
26-Oct-2015 15:41:34.938 INFO [http-nio-8080-exec-73] org.apache.catalina.core.ApplicationContext.log Manager: list: Listing contexts for virtual host 'localhost'
26-Oct-2015 15:41:34.966 INFO [http-nio-8080-exec-71] org.apache.catalina.core.ApplicationContext.log Manager: install: Installing context configuration at 'file:/tmp/context4105297079913181381.xml'
26-Oct-2015 15:41:36.499 INFO [http-nio-8080-exec-78] org.apache.catalina.core.ApplicationContext.log Manager: start: Starting web application '/'
26-Oct-2015 15:42:32.938 INFO [http-nio-8080-exec-81] org.apache.catalina.core.ApplicationContext.log Manager: list: Listing contexts for virtual host 'localhost'
26-Oct-2015 15:42:32.951 INFO [http-nio-8080-exec-76] org.apache.catalina.core.ApplicationContext.log Manager: restart: Reloading web application '/'
26-Oct-2015 15:42:45.722 INFO [http-nio-8080-exec-73] org.apache.catalina.core.ApplicationContext.log Manager: list: Listing contexts for virtual host 'localhost'
26-Oct-2015 15:42:45.753 INFO [http-nio-8080-exec-78] org.apache.catalina.core.ApplicationContext.log Manager: undeploy: Undeploying web application at '/'
26-Oct-2015 15:43:01.063 INFO [http-nio-8080-exec-78] org.apache.catalina.core.ApplicationContext.log Manager: list: Listing contexts for virtual host 'localhost'
26-Oct-2015 15:43:01.069 INFO [http-nio-8080-exec-87] org.apache.catalina.core.ApplicationContext.log Manager: list: Listing contexts for virtual host 'localhost'
26-Oct-2015 15:43:01.086 INFO [http-nio-8080-exec-83] org.apache.catalina.core.ApplicationContext.log Manager: install: Installing context configuration at 'file:/tmp/context1340427266343126121.xml'
26-Oct-2015 15:43:02.847 INFO [http-nio-8080-exec-80] org.apache.catalina.core.ApplicationContext.log Manager: start: Starting web application '/'
26-Oct-2015 15:45:16.454 INFO [http-nio-8080-exec-94] org.apache.catalina.core.ApplicationContext.log Manager: list: Listing contexts for virtual host 'localhost'
26-Oct-2015 15:45:16.485 INFO [http-nio-8080-exec-95] org.apache.catalina.core.ApplicationContext.log Manager: undeploy: Undeploying web application at '/'
26-Oct-2015 15:45:25.609 INFO [http-nio-8080-exec-97] org.apache.catalina.core.ApplicationContext.log Manager: list: Listing contexts for virtual host 'localhost'
26-Oct-2015 15:45:25.614 INFO [http-nio-8080-exec-90] org.apache.catalina.core.ApplicationContext.log Manager: list: Listing contexts for virtual host 'localhost'
26-Oct-2015 15:45:25.635 INFO [http-nio-8080-exec-91] org.apache.catalina.core.ApplicationContext.log Manager: install: Installing context configuration at 'file:/tmp/context7384707850023211851.xml'
26-Oct-2015 15:45:26.908 INFO [http-nio-8080-exec-88] org.apache.catalina.core.ApplicationContext.log Manager: start: Starting web application '/'
26-Oct-2015 18:33:57.061 INFO [http-nio-8080-exec-103] org.apache.catalina.core.ApplicationContext.log Manager: list: Listing contexts for virtual host 'localhost'
26-Oct-2015 18:34:05.200 INFO [http-nio-8080-exec-102] org.apache.catalina.core.ApplicationContext.log Manager: list: Listing contexts for virtual host 'localhost'
26-Oct-2015 18:34:05.218 INFO [http-nio-8080-exec-97] org.apache.catalina.core.ApplicationContext.log Manager: undeploy: Undeploying web application at '/DVDLibraryV4'
26-Oct-2015 18:34:15.498 INFO [http-nio-8080-exec-107] org.apache.catalina.core.ApplicationContext.log Manager: list: Listing contexts for virtual host 'localhost'
26-Oct-2015 18:34:15.514 INFO [http-nio-8080-exec-108] org.apache.catalina.core.ApplicationContext.log Manager: list: Listing contexts for virtual host 'localhost'
26-Oct-2015 18:34:15.536 INFO [http-nio-8080-exec-102] org.apache.catalina.core.ApplicationContext.log Manager: install: Installing context configuration at 'file:/tmp/context3617745572822009448.xml'
26-Oct-2015 18:34:17.357 INFO [http-nio-8080-exec-106] org.apache.catalina.core.ApplicationContext.log Manager: start: Starting web application '/DVDLibraryV4'
26-Oct-2015 19:16:37.114 INFO [http-nio-8080-exec-112] org.apache.catalina.core.ApplicationContext.log Manager: list: Listing contexts for virtual host 'localhost'
26-Oct-2015 19:16:54.973 INFO [http-nio-8080-exec-112] org.apache.catalina.core.ApplicationContext.log Manager: list: Listing contexts for virtual host 'localhost'
26-Oct-2015 19:17:05.254 INFO [http-nio-8080-exec-112] org.apache.catalina.core.ApplicationContext.log Manager: list: Listing contexts for virtual host 'localhost'
26-Oct-2015 19:17:05.302 INFO [http-nio-8080-exec-115] org.apache.catalina.core.ApplicationContext.log Manager: restart: Reloading web application '/VendingMachineV2'
26-Oct-2015 19:17:18.492 INFO [http-nio-8080-exec-117] org.apache.catalina.core.ApplicationContext.log Manager: list: Listing contexts for virtual host 'localhost'
26-Oct-2015 19:17:18.518 INFO [http-nio-8080-exec-109] org.apache.catalina.core.ApplicationContext.log Manager: restart: Reloading web application '/VendingMachineV2'
26-Oct-2015 19:17:25.863 INFO [http-nio-8080-exec-120] org.apache.catalina.core.ApplicationContext.log Manager: list: Listing contexts for virtual host 'localhost'
26-Oct-2015 19:17:33.674 INFO [http-nio-8080-exec-120] org.apache.catalina.core.ApplicationContext.log Manager: list: Listing contexts for virtual host 'localhost'
26-Oct-2015 19:22:02.467 INFO [http-nio-8080-exec-126] org.apache.catalina.core.ApplicationContext.log Manager: list: Listing contexts for virtual host 'localhost'
26-Oct-2015 19:22:39.586 INFO [http-nio-8080-exec-126] org.apache.catalina.core.ApplicationContext.log Manager: list: Listing contexts for virtual host 'localhost'
26-Oct-2015 19:22:39.640 INFO [http-nio-8080-exec-127] org.apache.catalina.core.ApplicationContext.log Manager: restart: Reloading web application '/VendingMachineV2'
26-Oct-2015 19:23:40.478 INFO [http-nio-8080-exec-126] org.apache.catalina.core.ApplicationContext.log Manager: list: Listing contexts for virtual host 'localhost'
26-Oct-2015 19:24:21.439 INFO [http-nio-8080-exec-126] org.apache.catalina.core.ApplicationContext.log Manager: list: Listing contexts for virtual host 'localhost'
26-Oct-2015 19:26:56.182 INFO [http-nio-8080-exec-134] org.apache.catalina.core.ApplicationContext.log Manager: list: Listing contexts for virtual host 'localhost'
26-Oct-2015 19:26:56.202 INFO [http-nio-8080-exec-126] org.apache.catalina.core.ApplicationContext.log Manager: restart: Reloading web application '/VendingMachineV2'
26-Oct-2015 19:27:35.610 INFO [http-nio-8080-exec-134] org.apache.catalina.core.ApplicationContext.log Manager: list: Listing contexts for virtual host 'localhost'
26-Oct-2015 19:27:35.631 INFO [http-nio-8080-exec-130] org.apache.catalina.core.ApplicationContext.log Manager: restart: Reloading web application '/VendingMachineV2'
26-Oct-2015 19:27:46.180 INFO [http-nio-8080-exec-139] org.apache.catalina.core.ApplicationContext.log Manager: list: Listing contexts for virtual host 'localhost'
26-Oct-2015 19:27:46.201 INFO [http-nio-8080-exec-134] org.apache.catalina.core.ApplicationContext.log Manager: restart: Reloading web application '/VendingMachineV2'
26-Oct-2015 19:28:58.866 INFO [http-nio-8080-exec-132] org.apache.catalina.core.ApplicationContext.log Manager: list: Listing contexts for virtual host 'localhost'
26-Oct-2015 19:28:58.891 INFO [http-nio-8080-exec-140] org.apache.catalina.core.ApplicationContext.log Manager: undeploy: Undeploying web application at '/VendingMachineV2'
26-Oct-2015 19:29:06.483 INFO [http-nio-8080-exec-140] org.apache.catalina.core.ApplicationContext.log Manager: list: Listing contexts for virtual host 'localhost'
26-Oct-2015 19:29:06.490 INFO [http-nio-8080-exec-146] org.apache.catalina.core.ApplicationContext.log Manager: list: Listing contexts for virtual host 'localhost'
26-Oct-2015 19:29:06.505 INFO [http-nio-8080-exec-142] org.apache.catalina.core.ApplicationContext.log Manager: install: Installing context configuration at 'file:/tmp/context2670098199533184354.xml'
26-Oct-2015 19:29:07.757 INFO [http-nio-8080-exec-120] org.apache.catalina.core.ApplicationContext.log Manager: start: Starting web application '/VendingMachineV2'
26-Oct-2015 19:29:30.124 INFO [http-nio-8080-exec-146] org.apache.catalina.core.ApplicationContext.log Manager: list: Listing contexts for virtual host 'localhost'
26-Oct-2015 19:29:30.170 INFO [http-nio-8080-exec-144] org.apache.catalina.core.ApplicationContext.log Manager: restart: Reloading web application '/VendingMachineV2'
26-Oct-2015 19:29:40.516 INFO [http-nio-8080-exec-152] org.apache.catalina.core.ApplicationContext.log Manager: list: Listing contexts for virtual host 'localhost'
26-Oct-2015 19:29:40.553 INFO [http-nio-8080-exec-131] org.apache.catalina.core.ApplicationContext.log Manager: restart: Reloading web application '/VendingMachineV2'
26-Oct-2015 19:30:31.480 INFO [http-nio-8080-exec-154] org.apache.catalina.core.ApplicationContext.log Manager: list: Listing contexts for virtual host 'localhost'
26-Oct-2015 19:30:31.511 INFO [http-nio-8080-exec-150] org.apache.catalina.core.ApplicationContext.log Manager: restart: Reloading web application '/VendingMachineV2'
26-Oct-2015 19:30:40.193 INFO [http-nio-8080-exec-149] org.apache.catalina.core.ApplicationContext.log Manager: list: Listing contexts for virtual host 'localhost'
26-Oct-2015 19:30:40.217 INFO [http-nio-8080-exec-156] org.apache.catalina.core.ApplicationContext.log Manager: undeploy: Undeploying web application at '/VendingMachineV2'
26-Oct-2015 19:30:49.129 INFO [http-nio-8080-exec-156] org.apache.catalina.core.ApplicationContext.log Manager: list: Listing contexts for virtual host 'localhost'
26-Oct-2015 19:30:49.135 INFO [http-nio-8080-exec-159] org.apache.catalina.core.ApplicationContext.log Manager: list: Listing contexts for virtual host 'localhost'
26-Oct-2015 19:30:49.151 INFO [http-nio-8080-exec-160] org.apache.catalina.core.ApplicationContext.log Manager: install: Installing context configuration at 'file:/tmp/context7573912128454324346.xml'
26-Oct-2015 19:30:50.351 INFO [http-nio-8080-exec-158] org.apache.catalina.core.ApplicationContext.log Manager: start: Starting web application '/VendingMachineV2'
26-Oct-2015 20:14:11.335 INFO [http-nio-8080-exec-165] org.apache.catalina.core.ApplicationContext.log Manager: list: Listing contexts for virtual host 'localhost'
26-Oct-2015 20:15:49.455 INFO [http-nio-8080-exec-160] org.apache.catalina.core.ApplicationContext.log Manager: list: Listing contexts for virtual host 'localhost'
26-Oct-2015 20:15:49.492 INFO [http-nio-8080-exec-161] org.apache.catalina.core.ApplicationContext.log Manager: undeploy: Undeploying web application at '/VendingMachineV2'
26-Oct-2015 20:15:57.392 INFO [http-nio-8080-exec-159] org.apache.catalina.core.ApplicationContext.log Manager: list: Listing contexts for virtual host 'localhost'
26-Oct-2015 20:15:57.402 INFO [http-nio-8080-exec-160] org.apache.catalina.core.ApplicationContext.log Manager: list: Listing contexts for virtual host 'localhost'
26-Oct-2015 20:15:57.431 INFO [http-nio-8080-exec-170] org.apache.catalina.core.ApplicationContext.log Manager: install: Installing context configuration at 'file:/tmp/context2261797475741667319.xml'
26-Oct-2015 20:15:58.797 INFO [http-nio-8080-exec-166] org.apache.catalina.core.ApplicationContext.log Manager: start: Starting web application '/VendingMachineV2'
26-Oct-2015 20:33:21.574 INFO [http-nio-8080-exec-175] org.apache.catalina.core.ApplicationContext.log Manager: list: Listing contexts for virtual host 'localhost'
26-Oct-2015 20:35:10.284 INFO [http-nio-8080-exec-177] org.apache.catalina.core.ApplicationContext.log Manager: list: Listing contexts for virtual host 'localhost'
26-Oct-2015 20:35:10.314 INFO [http-nio-8080-exec-178] org.apache.catalina.core.ApplicationContext.log Manager: restart: Reloading web application '/VendingMachineV2'
26-Oct-2015 20:35:51.426 INFO [http-nio-8080-exec-179] org.apache.catalina.core.ApplicationContext.log Manager: list: Listing contexts for virtual host 'localhost'
26-Oct-2015 20:35:51.449 INFO [http-nio-8080-exec-170] org.apache.catalina.core.ApplicationContext.log Manager: undeploy: Undeploying web application at '/VendingMachineV2'
26-Oct-2015 20:36:00.394 INFO [http-nio-8080-exec-170] org.apache.catalina.core.ApplicationContext.log Manager: list: Listing contexts for virtual host 'localhost'
26-Oct-2015 20:36:00.399 INFO [http-nio-8080-exec-182] org.apache.catalina.core.ApplicationContext.log Manager: list: Listing contexts for virtual host 'localhost'
26-Oct-2015 20:36:00.417 INFO [http-nio-8080-exec-172] org.apache.catalina.core.ApplicationContext.log Manager: install: Installing context configuration at 'file:/tmp/context6230624521186473186.xml'
26-Oct-2015 20:36:01.599 INFO [http-nio-8080-exec-175] org.apache.catalina.core.ApplicationContext.log Manager: start: Starting web application '/VendingMachineV2'
26-Oct-2015 20:43:41.790 INFO [http-nio-8080-exec-184] org.apache.catalina.core.ApplicationContext.log Manager: list: Listing contexts for virtual host 'localhost'
26-Oct-2015 20:43:41.824 INFO [http-nio-8080-exec-185] org.apache.catalina.core.ApplicationContext.log Manager: restart: Reloading web application '/VendingMachineV2'
26-Oct-2015 21:16:34.014 INFO [http-nio-8080-exec-198] org.apache.catalina.core.ApplicationContext.log Manager: list: Listing contexts for virtual host 'localhost'
26-Oct-2015 21:16:34.041 INFO [http-nio-8080-exec-199] org.apache.catalina.core.ApplicationContext.log Manager: restart: Reloading web application '/VendingMachineV2'
26-Oct-2015 21:17:20.832 INFO [http-nio-8080-exec-200] org.apache.catalina.core.ApplicationContext.log Manager: list: Listing contexts for virtual host 'localhost'
26-Oct-2015 21:17:20.861 INFO [http-nio-8080-exec-196] org.apache.catalina.core.ApplicationContext.log Manager: restart: Reloading web application '/VendingMachineV2'
26-Oct-2015 21:17:20.861 SEVERE [http-nio-8080-exec-196] org.apache.catalina.core.ApplicationContext.log Manager: ManagerServlet.reload[/VendingMachineV2]
 java.lang.IllegalStateException: Context with name [/VendingMachineV2] has not yet been started
	at org.apache.catalina.core.StandardContext.reload(StandardContext.java:3737)
	at org.apache.catalina.manager.ManagerServlet.reload(ManagerServlet.java:1006)
	at org.apache.catalina.manager.ManagerServlet.doGet(ManagerServlet.java:354)
	at javax.servlet.http.HttpServlet.service(HttpServlet.java:622)
	at javax.servlet.http.HttpServlet.service(HttpServlet.java:729)
	at org.apache.catalina.core.ApplicationFilterChain.internalDoFilter(ApplicationFilterChain.java:291)
	at org.apache.catalina.core.ApplicationFilterChain.doFilter(ApplicationFilterChain.java:206)
	at org.apache.tomcat.websocket.server.WsFilter.doFilter(WsFilter.java:52)
	at org.apache.catalina.core.ApplicationFilterChain.internalDoFilter(ApplicationFilterChain.java:239)
	at org.apache.catalina.core.ApplicationFilterChain.doFilter(ApplicationFilterChain.java:206)
	at org.apache.catalina.filters.SetCharacterEncodingFilter.doFilter(SetCharacterEncodingFilter.java:108)
	at org.apache.catalina.core.ApplicationFilterChain.internalDoFilter(ApplicationFilterChain.java:239)
	at org.apache.catalina.core.ApplicationFilterChain.doFilter(ApplicationFilterChain.java:206)
	at org.apache.catalina.core.StandardWrapperValve.invoke(StandardWrapperValve.java:217)
	at org.apache.catalina.core.StandardContextValve.invoke(StandardContextValve.java:106)
	at org.apache.catalina.authenticator.AuthenticatorBase.invoke(AuthenticatorBase.java:614)
	at org.apache.catalina.core.StandardHostValve.invoke(StandardHostValve.java:142)
	at org.apache.catalina.valves.ErrorReportValve.invoke(ErrorReportValve.java:79)
	at org.apache.catalina.valves.AbstractAccessLogValve.invoke(AbstractAccessLogValve.java:616)
	at org.apache.catalina.core.StandardEngineValve.invoke(StandardEngineValve.java:88)
	at org.apache.catalina.connector.CoyoteAdapter.service(CoyoteAdapter.java:518)
	at org.apache.coyote.http11.AbstractHttp11Processor.process(AbstractHttp11Processor.java:1091)
	at org.apache.coyote.AbstractProtocol$AbstractConnectionHandler.process(AbstractProtocol.java:673)
	at org.apache.tomcat.util.net.NioEndpoint$SocketProcessor.doRun(NioEndpoint.java:1500)
	at org.apache.tomcat.util.net.NioEndpoint$SocketProcessor.run(NioEndpoint.java:1456)
	at java.util.concurrent.ThreadPoolExecutor.runWorker(ThreadPoolExecutor.java:1142)
	at java.util.concurrent.ThreadPoolExecutor$Worker.run(ThreadPoolExecutor.java:617)
	at org.apache.tomcat.util.threads.TaskThread$WrappingRunnable.run(TaskThread.java:61)
	at java.lang.Thread.run(Thread.java:745)

26-Oct-2015 21:21:03.168 INFO [http-nio-8080-exec-200] org.apache.catalina.core.ApplicationContext.log Manager: list: Listing contexts for virtual host 'localhost'
26-Oct-2015 21:21:03.172 INFO [http-nio-8080-exec-196] org.apache.catalina.core.ApplicationContext.log Manager: list: Listing contexts for virtual host 'localhost'
26-Oct-2015 21:21:03.194 INFO [http-nio-8080-exec-203] org.apache.catalina.core.ApplicationContext.log Manager: undeploy: Undeploying web application at '/VendingMachineV2'
26-Oct-2015 21:21:03.705 INFO [http-nio-8080-exec-202] org.apache.catalina.core.ApplicationContext.log Manager: install: Installing context configuration at 'file:/tmp/context8893774658952319787.xml'
26-Oct-2015 21:21:05.037 INFO [http-nio-8080-exec-204] org.apache.catalina.core.ApplicationContext.log Manager: start: Starting web application '/VendingMachineV2'
26-Oct-2015 21:24:51.065 INFO [http-nio-8080-exec-206] org.apache.catalina.core.ApplicationContext.log Manager: list: Listing contexts for virtual host 'localhost'
26-Oct-2015 21:24:51.085 INFO [http-nio-8080-exec-207] org.apache.catalina.core.ApplicationContext.log Manager: restart: Reloading web application '/VendingMachineV2'
26-Oct-2015 21:35:10.329 INFO [http-nio-8080-exec-218] org.apache.catalina.core.ApplicationContext.log Manager: list: Listing contexts for virtual host 'localhost'
26-Oct-2015 21:35:30.544 INFO [http-nio-8080-exec-218] org.apache.catalina.core.ApplicationContext.log Manager: list: Listing contexts for virtual host 'localhost'
26-Oct-2015 21:35:41.553 INFO [http-nio-8080-exec-216] org.apache.catalina.core.ApplicationContext.log Manager: list: Listing contexts for virtual host 'localhost'
26-Oct-2015 21:35:41.573 INFO [http-nio-8080-exec-217] org.apache.catalina.core.ApplicationContext.log Manager: undeploy: Undeploying web application at '/VendingMachineV2'
26-Oct-2015 21:38:44.879 INFO [http-nio-8080-exec-219] org.apache.catalina.core.ApplicationContext.log Manager: list: Listing contexts for virtual host 'localhost'
26-Oct-2015 21:38:50.898 INFO [http-nio-8080-exec-227] org.apache.catalina.core.ApplicationContext.log Manager: list: Listing contexts for virtual host 'localhost'
26-Oct-2015 21:38:50.905 INFO [http-nio-8080-exec-228] org.apache.catalina.core.ApplicationContext.log Manager: list: Listing contexts for virtual host 'localhost'
26-Oct-2015 21:38:50.925 INFO [http-nio-8080-exec-215] org.apache.catalina.core.ApplicationContext.log Manager: install: Installing context configuration at 'file:/tmp/context150645832640194.xml'
26-Oct-2015 21:38:52.317 INFO [http-nio-8080-exec-212] org.apache.catalina.core.ApplicationContext.log Manager: start: Starting web application '/VendingMachineV2'
26-Oct-2015 21:40:47.850 INFO [http-nio-8080-exec-10] org.apache.catalina.core.ApplicationContext.log Manager: init: Associated with Deployer 'Catalina:type=Deployer,host=localhost'
26-Oct-2015 21:40:47.851 INFO [http-nio-8080-exec-10] org.apache.catalina.core.ApplicationContext.log Manager: init: Global resources are available
26-Oct-2015 21:40:47.851 INFO [http-nio-8080-exec-10] org.apache.catalina.core.ApplicationContext.log Manager: list: Listing contexts for virtual host 'localhost'
26-Oct-2015 21:40:47.877 INFO [http-nio-8080-exec-2] org.apache.catalina.core.ApplicationContext.log Manager: undeploy: Undeploying web application at '/VendingMachineV2'
26-Oct-2015 21:41:06.471 INFO [http-nio-8080-exec-10] org.apache.catalina.core.ApplicationContext.log Manager: list: Listing contexts for virtual host 'localhost'
26-Oct-2015 21:41:06.489 INFO [http-nio-8080-exec-12] org.apache.catalina.core.ApplicationContext.log Manager: list: Listing contexts for virtual host 'localhost'
26-Oct-2015 21:41:06.510 INFO [http-nio-8080-exec-13] org.apache.catalina.core.ApplicationContext.log Manager: install: Installing context configuration at 'file:/tmp/context6929922865299731705.xml'
26-Oct-2015 21:41:08.134 INFO [http-nio-8080-exec-4] org.apache.catalina.core.ApplicationContext.log Manager: start: Starting web application '/VendingMachineV2'
26-Oct-2015 21:46:56.130 INFO [http-nio-8080-exec-11] org.apache.catalina.core.ApplicationContext.log Manager: list: Listing contexts for virtual host 'localhost'
26-Oct-2015 21:46:56.152 INFO [http-nio-8080-exec-17] org.apache.catalina.core.ApplicationContext.log Manager: undeploy: Undeploying web application at '/VendingMachineV2'
26-Oct-2015 21:47:40.812 INFO [http-nio-8080-exec-12] org.apache.catalina.core.ApplicationContext.log Manager: list: Listing contexts for virtual host 'localhost'
26-Oct-2015 21:47:40.827 INFO [http-nio-8080-exec-21] org.apache.catalina.core.ApplicationContext.log Manager: list: Listing contexts for virtual host 'localhost'
26-Oct-2015 21:53:18.777 INFO [http-nio-8080-exec-28] org.apache.catalina.core.ApplicationContext.log Manager: list: Listing contexts for virtual host 'localhost'
26-Oct-2015 21:53:18.793 INFO [http-nio-8080-exec-12] org.apache.catalina.core.ApplicationContext.log Manager: list: Listing contexts for virtual host 'localhost'
26-Oct-2015 21:54:31.636 INFO [http-nio-8080-exec-28] org.apache.catalina.core.ApplicationContext.log Manager: list: Listing contexts for virtual host 'localhost'
26-Oct-2015 21:54:47.697 INFO [http-nio-8080-exec-23] org.apache.catalina.core.ApplicationContext.log Manager: list: Listing contexts for virtual host 'localhost'
26-Oct-2015 21:54:47.741 INFO [http-nio-8080-exec-27] org.apache.catalina.core.ApplicationContext.log Manager: list: Listing contexts for virtual host 'localhost'
26-Oct-2015 21:54:47.781 INFO [http-nio-8080-exec-29] org.apache.catalina.core.ApplicationContext.log Manager: install: Installing context configuration at 'file:/tmp/context801231432708773535.xml'
26-Oct-2015 21:54:49.409 INFO [http-nio-8080-exec-30] org.apache.catalina.core.ApplicationContext.log Manager: start: Starting web application '/VendingMachineV2'
26-Oct-2015 21:55:24.774 INFO [http-nio-8080-exec-27] org.apache.catalina.core.ApplicationContext.log Manager: list: Listing contexts for virtual host 'localhost'
26-Oct-2015 22:06:40.483 INFO [http-nio-8080-exec-28] org.apache.catalina.core.ApplicationContext.log Manager: list: Listing contexts for virtual host 'localhost'
26-Oct-2015 22:07:22.229 INFO [http-nio-8080-exec-23] org.apache.catalina.core.ApplicationContext.log Manager: list: Listing contexts for virtual host 'localhost'
26-Oct-2015 22:07:25.690 INFO [http-nio-8080-exec-27] org.apache.catalina.core.ApplicationContext.log Manager: list: Listing contexts for virtual host 'localhost'
26-Oct-2015 22:07:25.713 INFO [http-nio-8080-exec-29] org.apache.catalina.core.ApplicationContext.log Manager: undeploy: Undeploying web application at '/VendingMachineV2'
26-Oct-2015 22:07:28.190 INFO [http-nio-8080-exec-30] org.apache.catalina.core.ApplicationContext.log Manager: list: Listing contexts for virtual host 'localhost'
26-Oct-2015 22:07:37.418 INFO [http-nio-8080-exec-21] org.apache.catalina.core.ApplicationContext.log Manager: list: Listing contexts for virtual host 'localhost'
26-Oct-2015 22:07:37.435 INFO [http-nio-8080-exec-33] org.apache.catalina.core.ApplicationContext.log Manager: list: Listing contexts for virtual host 'localhost'
26-Oct-2015 22:07:37.463 INFO [http-nio-8080-exec-24] org.apache.catalina.core.ApplicationContext.log Manager: install: Installing context configuration at 'file:/tmp/context3011638890505543559.xml'
26-Oct-2015 22:07:38.878 INFO [http-nio-8080-exec-28] org.apache.catalina.core.ApplicationContext.log Manager: start: Starting web application '/VendingMachineV2'
